<?xml version="1.0" encoding="UTF-8"?>
<!-- Generated by org.testng.reporters.JUnitXMLReporter -->
<testsuite hostname="AF16010DT" ignored="0" name="TC009_Validate_AF_CW_MarketingMeterialScreenAndEmailDocuments" tests="2" failures="0" timestamp="05 Dec 2017 21:52:59 GMT" time="132.395" errors="0">
  <testcase name="validateAFMarketingMeterialAndEmailAFSpecificInfo" time="68.11" classname="MobileTesting.com.AFAdvantage.TC009_Validate_AF_CW_MarketingMeterialScreenAndEmailDocuments"/>
  <testcase name="validateCWMarketingMeterialAndEmailAFSpecificInfo" time="39.973" classname="MobileTesting.com.AFAdvantage.TC009_Validate_AF_CW_MarketingMeterialScreenAndEmailDocuments"/>
</testsuite> <!-- TC009_Validate_AF_CW_MarketingMeterialScreenAndEmailDocuments -->
