<?xml version="1.0" encoding="UTF-8"?>
<!-- Generated by org.testng.reporters.JUnitXMLReporter -->
<testsuite hostname="AF16010DT" ignored="0" name="TC003_ValidateUserMenu" tests="4" failures="0" timestamp="26 Oct 2017 14:40:45 GMT" time="92.145" errors="0">
  <testcase name="ValidateAFUserMenu" time="34.537" classname="MobileTesting.com.AFAdvantage.TC003_ValidateUserMenu"/>
  <testcase name="ValidateCWUserMenu" time="9.431" classname="MobileTesting.com.AFAdvantage.TC003_ValidateUserMenu"/>
  <testcase name="Validate3CUUserMenu" time="10.08" classname="MobileTesting.com.AFAdvantage.TC003_ValidateUserMenu"/>
  <testcase name="ValidateUHUserMenu" time="9.974" classname="MobileTesting.com.AFAdvantage.TC003_ValidateUserMenu"/>
</testsuite> <!-- TC003_ValidateUserMenu -->
