<?xml version="1.0" encoding="UTF-8"?>
<!-- Generated by org.testng.reporters.JUnitXMLReporter -->
<testsuite hostname="AF16010DT" ignored="0" name="TC001_ValidateBrandSwapScreenAndHomepages" tests="4" failures="0" timestamp="26 Oct 2017 14:37:32 GMT" time="92.848" errors="0">
  <testcase name="ValidateAFHomepage" time="34.622" classname="MobileTesting.com.AFAdvantage.TC001_ValidateBrandSwapScreenAndHomepages"/>
  <testcase name="ValidateCWHomepage" time="8.064" classname="MobileTesting.com.AFAdvantage.TC001_ValidateBrandSwapScreenAndHomepages"/>
  <testcase name="ValidateThreeCUHomepage" time="7.968" classname="MobileTesting.com.AFAdvantage.TC001_ValidateBrandSwapScreenAndHomepages"/>
  <testcase name="ValidateUHHomepage" time="14.674" classname="MobileTesting.com.AFAdvantage.TC001_ValidateBrandSwapScreenAndHomepages"/>
</testsuite> <!-- TC001_ValidateBrandSwapScreenAndHomepages -->
