<?xml version="1.0" encoding="UTF-8"?>
<!-- Generated by org.testng.reporters.JUnitXMLReporter -->
<testsuite hostname="AF16010DT" ignored="0" name="TC002_ValidateResourcesMenu" tests="4" failures="0" timestamp="26 Oct 2017 14:39:13 GMT" time="100.88" errors="0">
  <testcase name="ValidateAFResourcesPage" time="36.296" classname="MobileTesting.com.AFAdvantage.TC002_ValidateResourcesMenu"/>
  <testcase name="ValidateCWResourcesPage" time="12.364" classname="MobileTesting.com.AFAdvantage.TC002_ValidateResourcesMenu"/>
  <testcase name="Validate3CUResourcesPage" time="12.297" classname="MobileTesting.com.AFAdvantage.TC002_ValidateResourcesMenu"/>
  <testcase name="ValidateUHResourcesPage" time="12.172" classname="MobileTesting.com.AFAdvantage.TC002_ValidateResourcesMenu"/>
</testsuite> <!-- TC002_ValidateResourcesMenu -->
