<?xml version="1.0" encoding="UTF-8"?>
<!-- Generated by org.testng.reporters.JUnitXMLReporter -->
<testsuite hostname="AF16010DT" ignored="0" name="TC004_ValidateUserMenu" tests="4" failures="0" timestamp="05 Dec 2017 21:48:48 GMT" time="62.871" errors="0">
  <testcase name="ValidateAFUserMenu" time="3.62" classname="MobileTesting.com.AFAdvantage.TC004_ValidateUserMenu"/>
  <testcase name="ValidateCWUserMenu" time="9.768" classname="MobileTesting.com.AFAdvantage.TC004_ValidateUserMenu"/>
  <testcase name="Validate3CUUserMenu" time="9.357" classname="MobileTesting.com.AFAdvantage.TC004_ValidateUserMenu"/>
  <testcase name="ValidateUHUserMenu" time="16.93" classname="MobileTesting.com.AFAdvantage.TC004_ValidateUserMenu"/>
</testsuite> <!-- TC004_ValidateUserMenu -->
