<?xml version="1.0" encoding="UTF-8"?>
<!-- Generated by org.testng.reporters.JUnitXMLReporter -->
<testsuite hostname="AF16010DT" ignored="0" name="TC004_ValidateAccidentFundWebsiteHomepageObjects" tests="1" failures="0" timestamp="26 Oct 2017 14:41:56 GMT" time="70.614" errors="0">
  <testcase name="validateAFMobileWebsiteObjects" time="42.004" classname="MobileTesting.com.AFAdvantage.TC004_ValidateAccidentFundWebsiteHomepageObjects"/>
</testsuite> <!-- TC004_ValidateAccidentFundWebsiteHomepageObjects -->
