<?xml version="1.0" encoding="UTF-8"?>
<!-- Generated by org.testng.reporters.JUnitXMLReporter -->
<testsuite hostname="AF16010DT" ignored="0" name="TC009_Validate_3CU_UH_MarketingMaterialScreenAndEmailDocuments" tests="2" failures="0" timestamp="26 Oct 2017 14:49:31 GMT" time="128.375" errors="0">
  <testcase name="validate3CUMarketingMeterialAndEmailAFSpecificInfo" time="71.601" classname="MobileTesting.com.AFAdvantage.TC009_Validate_3CU_UH_MarketingMaterialScreenAndEmailDocuments"/>
  <testcase name="validateUHMarketingMeterialAndEmailAFSpecificInfo" time="28.733" classname="MobileTesting.com.AFAdvantage.TC009_Validate_3CU_UH_MarketingMaterialScreenAndEmailDocuments"/>
</testsuite> <!-- TC009_Validate_3CU_UH_MarketingMaterialScreenAndEmailDocuments -->
