<?xml version="1.0" encoding="UTF-8"?>
<!-- Generated by org.testng.reporters.JUnitXMLReporter -->
<testsuite hostname="AF16010DT" ignored="0" name="TC012_ExtentReport_TC003" tests="4" failures="0" timestamp="05 Dec 2017 21:47:45 GMT" time="74.36" errors="0">
  <testcase name="ValidateAFResourcesPage" time="5.012" classname="MobileTesting.com.AFAdvantage.TC012_ExtentReport_TC003"/>
  <testcase name="ValidateCWResourcesPage" time="12.72" classname="MobileTesting.com.AFAdvantage.TC012_ExtentReport_TC003"/>
  <testcase name="Validate3CUResourcesPage" time="12.545" classname="MobileTesting.com.AFAdvantage.TC012_ExtentReport_TC003"/>
  <testcase name="ValidateUHResourcesPage" time="20.459" classname="MobileTesting.com.AFAdvantage.TC012_ExtentReport_TC003"/>
</testsuite> <!-- TC012_ExtentReport_TC003 -->
