<?xml version="1.0" encoding="UTF-8"?>
<!-- Generated by org.testng.reporters.JUnitXMLReporter -->
<testsuite hostname="AF16010DT" ignored="0" name="TC011_ExtentReport_TC002" tests="4" failures="0" timestamp="05 Dec 2017 21:46:30 GMT" time="91.136" errors="0">
  <testcase name="ValidateAFHomepage" time="35.635" classname="MobileTesting.com.AFAdvantage.TC011_ExtentReport_TC002"/>
  <testcase name="ValidateCWHomepage" time="8.191" classname="MobileTesting.com.AFAdvantage.TC011_ExtentReport_TC002"/>
  <testcase name="ValidateThreeCUHomepage" time="8.063" classname="MobileTesting.com.AFAdvantage.TC011_ExtentReport_TC002"/>
  <testcase name="ValidateUHHomepage" time="15.115" classname="MobileTesting.com.AFAdvantage.TC011_ExtentReport_TC002"/>
</testsuite> <!-- TC011_ExtentReport_TC002 -->
