<?xml version="1.0" encoding="UTF-8"?>
<!-- Generated by org.testng.reporters.JUnitXMLReporter -->
<testsuite hostname="AF16010DT" ignored="0" name="AFAdvantageRegressionTest" tests="20" failures="18" timestamp="23 Oct 2017 18:12:38 GMT" time="347.034" errors="0">
  <testcase name="@AfterTest closeApp" time="0.006" classname="MobileTesting.com.AFAdvantage.TC001_ValidateBrandSwapScreenAndHomepages">
    <failure type="org.openqa.selenium.NoSuchSessionException" message="A session is either terminated or not started (WARNING: The server did not provide any stacktrace information)
Command duration or timeout: 0 milliseconds
Build info: version: &amp;apos;3.6.0&amp;apos;, revision: &amp;apos;6fbf3ec767&amp;apos;, time: &amp;apos;2017-09-27T15:28:36.4Z&amp;apos;
System info: host: &amp;apos;AF16010DT&amp;apos;, ip: &amp;apos;10.10.20.96&amp;apos;, os.name: &amp;apos;Windows 7&amp;apos;, os.arch: &amp;apos;x86&amp;apos;, os.version: &amp;apos;6.1&amp;apos;, java.version: &amp;apos;1.8.0_144&amp;apos;
Driver info: org.openqa.selenium.remote.RemoteWebDriver
Capabilities [{appPackage=com.afhi.agentadvantage, app=C:\Users\ThusharA\eclipse-workspace\com.AFAdvantage\app\AgentAdvantage-Release (32).apk, deviceScreenSize=1440x2560, networkConnectionEnabled=true, warnings={}, databaseEnabled=false, deviceName=605d2a77, platform=LINUX, deviceUDID=605d2a77, appActivity=md50da5b987ed389e30f52660a117b247b4.SplashActivity, desired={appPackage=com.afhi.agentadvantage, appActivity=md50da5b987ed389e30f52660a117b247b4.SplashActivity, app=C:\Users\ThusharA\eclipse-workspace\com.AFAdvantage\app\AgentAdvantage-Release (32).apk, newCommandTimeout=1000, platformVersion=7.0, platformName=Android, device=Android, deviceName=Android}, newCommandTimeout=1000, platformVersion=7.0, webStorageEnabled=false, locationContextEnabled=false, takesScreenshot=true, javascriptEnabled=true, deviceModel=SM-G935V, deviceManufacturer=samsung, platformName=LINUX, device=Android}]
Session ID: 92fb3bcc-7abd-43b2-8c0b-f0fe93e3c459">
      <![CDATA[org.openqa.selenium.NoSuchSessionException: A session is either terminated or not started (WARNING: The server did not provide any stacktrace information)
Command duration or timeout: 0 milliseconds
Build info: version: '3.6.0', revision: '6fbf3ec767', time: '2017-09-27T15:28:36.4Z'
System info: host: 'AF16010DT', ip: '10.10.20.96', os.name: 'Windows 7', os.arch: 'x86', os.version: '6.1', java.version: '1.8.0_144'
Driver info: org.openqa.selenium.remote.RemoteWebDriver
Capabilities [{appPackage=com.afhi.agentadvantage, app=C:\Users\ThusharA\eclipse-workspace\com.AFAdvantage\app\AgentAdvantage-Release (32).apk, deviceScreenSize=1440x2560, networkConnectionEnabled=true, warnings={}, databaseEnabled=false, deviceName=605d2a77, platform=LINUX, deviceUDID=605d2a77, appActivity=md50da5b987ed389e30f52660a117b247b4.SplashActivity, desired={appPackage=com.afhi.agentadvantage, appActivity=md50da5b987ed389e30f52660a117b247b4.SplashActivity, app=C:\Users\ThusharA\eclipse-workspace\com.AFAdvantage\app\AgentAdvantage-Release (32).apk, newCommandTimeout=1000, platformVersion=7.0, platformName=Android, device=Android, deviceName=Android}, newCommandTimeout=1000, platformVersion=7.0, webStorageEnabled=false, locationContextEnabled=false, takesScreenshot=true, javascriptEnabled=true, deviceModel=SM-G935V, deviceManufacturer=samsung, platformName=LINUX, device=Android}]
Session ID: 92fb3bcc-7abd-43b2-8c0b-f0fe93e3c459
	at sun.reflect.GeneratedConstructorAccessor18.newInstance(Unknown Source)
	at sun.reflect.DelegatingConstructorAccessorImpl.newInstance(Unknown Source)
	at java.lang.reflect.Constructor.newInstance(Unknown Source)
	at org.openqa.selenium.remote.ErrorHandler.createThrowable(ErrorHandler.java:214)
	at org.openqa.selenium.remote.ErrorHandler.throwIfResponseFailed(ErrorHandler.java:166)
	at org.openqa.selenium.remote.http.JsonHttpResponseCodec.reconstructValue(JsonHttpResponseCodec.java:40)
	at org.openqa.selenium.remote.http.AbstractHttpResponseCodec.decode(AbstractHttpResponseCodec.java:82)
	at org.openqa.selenium.remote.http.AbstractHttpResponseCodec.decode(AbstractHttpResponseCodec.java:45)
	at org.openqa.selenium.remote.HttpCommandExecutor.execute(HttpCommandExecutor.java:164)
	at org.openqa.selenium.remote.RemoteWebDriver.execute(RemoteWebDriver.java:586)
	at org.openqa.selenium.remote.RemoteWebDriver.execute(RemoteWebDriver.java:643)
	at org.openqa.selenium.remote.RemoteWebDriver.quit(RemoteWebDriver.java:482)
	at MobileTesting.com.AFAdvantage.TC001_ValidateBrandSwapScreenAndHomepages.closeApp(TC001_ValidateBrandSwapScreenAndHomepages.java:110)
	at sun.reflect.NativeMethodAccessorImpl.invoke0(Native Method)
	at sun.reflect.NativeMethodAccessorImpl.invoke(Unknown Source)
	at sun.reflect.DelegatingMethodAccessorImpl.invoke(Unknown Source)
	at java.lang.reflect.Method.invoke(Unknown Source)
	at org.testng.internal.MethodInvocationHelper.invokeMethod(MethodInvocationHelper.java:108)
	at org.testng.internal.Invoker.invokeConfigurationMethod(Invoker.java:523)
	at org.testng.internal.Invoker.invokeConfigurations(Invoker.java:224)
	at org.testng.internal.Invoker.invokeConfigurations(Invoker.java:146)
	at org.testng.TestRunner.afterRun(TestRunner.java:958)
	at org.testng.TestRunner.run(TestRunner.java:606)
	at org.testng.SuiteRunner.runTest(SuiteRunner.java:380)
	at org.testng.SuiteRunner.runSequentially(SuiteRunner.java:375)
	at org.testng.SuiteRunner.privateRun(SuiteRunner.java:340)
	at org.testng.SuiteRunner.run(SuiteRunner.java:289)
	at org.testng.SuiteRunnerWorker.runSuite(SuiteRunnerWorker.java:52)
	at org.testng.SuiteRunnerWorker.run(SuiteRunnerWorker.java:86)
	at org.testng.TestNG.runSuitesSequentially(TestNG.java:1301)
	at org.testng.TestNG.runSuitesLocally(TestNG.java:1226)
	at org.testng.TestNG.runSuites(TestNG.java:1144)
	at org.testng.TestNG.run(TestNG.java:1115)
	at org.testng.remote.AbstractRemoteTestNG.run(AbstractRemoteTestNG.java:114)
	at org.testng.remote.RemoteTestNG.initAndRun(RemoteTestNG.java:251)
	at org.testng.remote.RemoteTestNG.main(RemoteTestNG.java:77)
]]>
    </failure>
  </testcase> <!-- @AfterTest closeApp -->
  <testcase name="@AfterTest closeApp" time="0.0" classname="MobileTesting.com.AFAdvantage.TC002_ValidateResourcesMenu">
    <skipped/>
  </testcase> <!-- @AfterTest closeApp -->
  <testcase name="@AfterTest closeApp" time="0.0" classname="MobileTesting.com.AFAdvantage.TC003_ValidateUserMenu">
    <skipped/>
  </testcase> <!-- @AfterTest closeApp -->
  <testcase name="@AfterTest closeApp" time="0.0" classname="MobileTesting.com.AFAdvantage.TC004_ValidateAccidentFundWebsiteHomepageObjects">
    <skipped/>
  </testcase> <!-- @AfterTest closeApp -->
  <testcase name="@AfterTest closeApp" time="0.0" classname="MobileTesting.com.AFAdvantage.TC005_ValidateCompWestWebsiteObjects">
    <skipped/>
  </testcase> <!-- @AfterTest closeApp -->
  <testcase name="@AfterTest closeApp" time="0.0" classname="MobileTesting.com.AFAdvantage.TC006_Validate3CUWebsiteObjects">
    <skipped/>
  </testcase> <!-- @AfterTest closeApp -->
  <testcase name="@AfterTest closeApp" time="0.0" classname="MobileTesting.com.AFAdvantage.TC007_ValidateUHWebsiteObjects">
    <skipped/>
  </testcase> <!-- @AfterTest closeApp -->
  <testcase name="@AfterTest closeApp" time="0.0" classname="MobileTesting.com.AFAdvantage.TC008_Validate_AF_CW_MarketingMeterialScreenAndEmailDocuments">
    <skipped/>
  </testcase> <!-- @AfterTest closeApp -->
  <testcase name="@AfterTest closeApp" time="0.0" classname="MobileTesting.com.AFAdvantage.TC009_Validate_3CU_UH_MarketingMaterialScreenAndEmailDocuments">
    <skipped/>
  </testcase> <!-- @AfterTest closeApp -->
  <testcase name="validateAFMobileWebsiteObjects" time="0.039" classname="MobileTesting.com.AFAdvantage.TC004_ValidateAccidentFundWebsiteHomepageObjects">
    <failure type="org.openqa.selenium.NoSuchSessionException" message="A session is either terminated or not started (WARNING: The server did not provide any stacktrace information)
Command duration or timeout: 0 milliseconds
Build info: version: &amp;apos;3.6.0&amp;apos;, revision: &amp;apos;6fbf3ec767&amp;apos;, time: &amp;apos;2017-09-27T15:28:36.4Z&amp;apos;
System info: host: &amp;apos;AF16010DT&amp;apos;, ip: &amp;apos;10.10.20.96&amp;apos;, os.name: &amp;apos;Windows 7&amp;apos;, os.arch: &amp;apos;x86&amp;apos;, os.version: &amp;apos;6.1&amp;apos;, java.version: &amp;apos;1.8.0_144&amp;apos;
Driver info: org.openqa.selenium.remote.RemoteWebDriver
Capabilities [{appPackage=com.afhi.agentadvantage, app=C:\Users\ThusharA\eclipse-workspace\com.AFAdvantage\app\AgentAdvantage-Release (32).apk, deviceScreenSize=1440x2560, networkConnectionEnabled=true, warnings={}, databaseEnabled=false, deviceName=605d2a77, platform=LINUX, deviceUDID=605d2a77, appActivity=md50da5b987ed389e30f52660a117b247b4.SplashActivity, desired={appPackage=com.afhi.agentadvantage, appActivity=md50da5b987ed389e30f52660a117b247b4.SplashActivity, app=C:\Users\ThusharA\eclipse-workspace\com.AFAdvantage\app\AgentAdvantage-Release (32).apk, newCommandTimeout=1000, platformVersion=7.0, platformName=Android, device=Android, deviceName=Android}, newCommandTimeout=1000, platformVersion=7.0, webStorageEnabled=false, locationContextEnabled=false, takesScreenshot=true, javascriptEnabled=true, deviceModel=SM-G935V, deviceManufacturer=samsung, platformName=LINUX, device=Android}]
Session ID: 7437c0a6-8440-4474-8f6f-c9b81109f005
*** Element info: {Using=xpath, value=//android.widget.Button[@bounds=&amp;apos;[780,1770][1050,1890]&amp;apos;]}">
      <![CDATA[org.openqa.selenium.NoSuchSessionException: A session is either terminated or not started (WARNING: The server did not provide any stacktrace information)
Command duration or timeout: 0 milliseconds
Build info: version: '3.6.0', revision: '6fbf3ec767', time: '2017-09-27T15:28:36.4Z'
System info: host: 'AF16010DT', ip: '10.10.20.96', os.name: 'Windows 7', os.arch: 'x86', os.version: '6.1', java.version: '1.8.0_144'
Driver info: org.openqa.selenium.remote.RemoteWebDriver
Capabilities [{appPackage=com.afhi.agentadvantage, app=C:\Users\ThusharA\eclipse-workspace\com.AFAdvantage\app\AgentAdvantage-Release (32).apk, deviceScreenSize=1440x2560, networkConnectionEnabled=true, warnings={}, databaseEnabled=false, deviceName=605d2a77, platform=LINUX, deviceUDID=605d2a77, appActivity=md50da5b987ed389e30f52660a117b247b4.SplashActivity, desired={appPackage=com.afhi.agentadvantage, appActivity=md50da5b987ed389e30f52660a117b247b4.SplashActivity, app=C:\Users\ThusharA\eclipse-workspace\com.AFAdvantage\app\AgentAdvantage-Release (32).apk, newCommandTimeout=1000, platformVersion=7.0, platformName=Android, device=Android, deviceName=Android}, newCommandTimeout=1000, platformVersion=7.0, webStorageEnabled=false, locationContextEnabled=false, takesScreenshot=true, javascriptEnabled=true, deviceModel=SM-G935V, deviceManufacturer=samsung, platformName=LINUX, device=Android}]
Session ID: 7437c0a6-8440-4474-8f6f-c9b81109f005
*** Element info: {Using=xpath, value=//android.widget.Button[@bounds='[780,1770][1050,1890]']}
	at sun.reflect.NativeConstructorAccessorImpl.newInstance0(Native Method)
	at sun.reflect.NativeConstructorAccessorImpl.newInstance(Unknown Source)
	at sun.reflect.DelegatingConstructorAccessorImpl.newInstance(Unknown Source)
	at java.lang.reflect.Constructor.newInstance(Unknown Source)
	at org.openqa.selenium.remote.ErrorHandler.createThrowable(ErrorHandler.java:214)
	at org.openqa.selenium.remote.ErrorHandler.throwIfResponseFailed(ErrorHandler.java:166)
	at org.openqa.selenium.remote.http.JsonHttpResponseCodec.reconstructValue(JsonHttpResponseCodec.java:40)
	at org.openqa.selenium.remote.http.AbstractHttpResponseCodec.decode(AbstractHttpResponseCodec.java:82)
	at org.openqa.selenium.remote.http.AbstractHttpResponseCodec.decode(AbstractHttpResponseCodec.java:45)
	at org.openqa.selenium.remote.HttpCommandExecutor.execute(HttpCommandExecutor.java:164)
	at org.openqa.selenium.remote.RemoteWebDriver.execute(RemoteWebDriver.java:586)
	at org.openqa.selenium.remote.RemoteWebDriver.findElement(RemoteWebDriver.java:356)
	at org.openqa.selenium.remote.RemoteWebDriver.findElementByXPath(RemoteWebDriver.java:458)
	at org.openqa.selenium.By$ByXPath.findElement(By.java:361)
	at org.openqa.selenium.remote.RemoteWebDriver.findElement(RemoteWebDriver.java:348)
	at org.openqa.selenium.support.pagefactory.DefaultElementLocator.findElement(DefaultElementLocator.java:69)
	at org.openqa.selenium.support.pagefactory.internal.LocatingElementHandler.invoke(LocatingElementHandler.java:38)
	at com.sun.proxy.$Proxy9.click(Unknown Source)
	at MobileTesting.com.AFAdvantage.uiActions.Homepage.userRegistration(Homepage.java:76)
	at MobileTesting.com.AFAdvantage.TC004_ValidateAccidentFundWebsiteHomepageObjects.validateAFMobileWebsiteObjects(TC004_ValidateAccidentFundWebsiteHomepageObjects.java:38)
	at sun.reflect.NativeMethodAccessorImpl.invoke0(Native Method)
	at sun.reflect.NativeMethodAccessorImpl.invoke(Unknown Source)
	at sun.reflect.DelegatingMethodAccessorImpl.invoke(Unknown Source)
	at java.lang.reflect.Method.invoke(Unknown Source)
	at org.testng.internal.MethodInvocationHelper.invokeMethod(MethodInvocationHelper.java:108)
	at org.testng.internal.Invoker.invokeMethod(Invoker.java:661)
	at org.testng.internal.Invoker.invokeTestMethod(Invoker.java:869)
	at org.testng.internal.Invoker.invokeTestMethods(Invoker.java:1193)
	at org.testng.internal.TestMethodWorker.invokeTestMethods(TestMethodWorker.java:126)
	at org.testng.internal.TestMethodWorker.run(TestMethodWorker.java:109)
	at org.testng.TestRunner.privateRun(TestRunner.java:744)
	at org.testng.TestRunner.run(TestRunner.java:602)
	at org.testng.SuiteRunner.runTest(SuiteRunner.java:380)
	at org.testng.SuiteRunner.runSequentially(SuiteRunner.java:375)
	at org.testng.SuiteRunner.privateRun(SuiteRunner.java:340)
	at org.testng.SuiteRunner.run(SuiteRunner.java:289)
	at org.testng.SuiteRunnerWorker.runSuite(SuiteRunnerWorker.java:52)
	at org.testng.SuiteRunnerWorker.run(SuiteRunnerWorker.java:86)
	at org.testng.TestNG.runSuitesSequentially(TestNG.java:1301)
	at org.testng.TestNG.runSuitesLocally(TestNG.java:1226)
	at org.testng.TestNG.runSuites(TestNG.java:1144)
	at org.testng.TestNG.run(TestNG.java:1115)
	at org.testng.remote.AbstractRemoteTestNG.run(AbstractRemoteTestNG.java:114)
	at org.testng.remote.RemoteTestNG.initAndRun(RemoteTestNG.java:251)
	at org.testng.remote.RemoteTestNG.main(RemoteTestNG.java:77)
]]>
    </failure>
  </testcase> <!-- validateAFMobileWebsiteObjects -->
  <testcase name="validateCWMobileWebpage" time="0.006" classname="MobileTesting.com.AFAdvantage.TC005_ValidateCompWestWebsiteObjects">
    <failure type="org.openqa.selenium.NoSuchSessionException" message="A session is either terminated or not started (WARNING: The server did not provide any stacktrace information)
Command duration or timeout: 0 milliseconds
Build info: version: &amp;apos;3.6.0&amp;apos;, revision: &amp;apos;6fbf3ec767&amp;apos;, time: &amp;apos;2017-09-27T15:28:36.4Z&amp;apos;
System info: host: &amp;apos;AF16010DT&amp;apos;, ip: &amp;apos;10.10.20.96&amp;apos;, os.name: &amp;apos;Windows 7&amp;apos;, os.arch: &amp;apos;x86&amp;apos;, os.version: &amp;apos;6.1&amp;apos;, java.version: &amp;apos;1.8.0_144&amp;apos;
Driver info: org.openqa.selenium.remote.RemoteWebDriver
Capabilities [{appPackage=com.afhi.agentadvantage, app=C:\Users\ThusharA\eclipse-workspace\com.AFAdvantage\app\AgentAdvantage-Release (32).apk, deviceScreenSize=1440x2560, networkConnectionEnabled=true, warnings={}, databaseEnabled=false, deviceName=605d2a77, platform=LINUX, deviceUDID=605d2a77, appActivity=md50da5b987ed389e30f52660a117b247b4.SplashActivity, desired={appPackage=com.afhi.agentadvantage, appActivity=md50da5b987ed389e30f52660a117b247b4.SplashActivity, app=C:\Users\ThusharA\eclipse-workspace\com.AFAdvantage\app\AgentAdvantage-Release (32).apk, newCommandTimeout=1000, platformVersion=7.0, platformName=Android, device=Android, deviceName=Android}, newCommandTimeout=1000, platformVersion=7.0, webStorageEnabled=false, locationContextEnabled=false, takesScreenshot=true, javascriptEnabled=true, deviceModel=SM-G935V, deviceManufacturer=samsung, platformName=LINUX, device=Android}]
Session ID: a810f2d9-9ccc-42f8-92cf-e67541886dbe
*** Element info: {Using=xpath, value=//android.widget.Button[@bounds=&amp;apos;[780,1770][1050,1890]&amp;apos;]}">
      <![CDATA[org.openqa.selenium.NoSuchSessionException: A session is either terminated or not started (WARNING: The server did not provide any stacktrace information)
Command duration or timeout: 0 milliseconds
Build info: version: '3.6.0', revision: '6fbf3ec767', time: '2017-09-27T15:28:36.4Z'
System info: host: 'AF16010DT', ip: '10.10.20.96', os.name: 'Windows 7', os.arch: 'x86', os.version: '6.1', java.version: '1.8.0_144'
Driver info: org.openqa.selenium.remote.RemoteWebDriver
Capabilities [{appPackage=com.afhi.agentadvantage, app=C:\Users\ThusharA\eclipse-workspace\com.AFAdvantage\app\AgentAdvantage-Release (32).apk, deviceScreenSize=1440x2560, networkConnectionEnabled=true, warnings={}, databaseEnabled=false, deviceName=605d2a77, platform=LINUX, deviceUDID=605d2a77, appActivity=md50da5b987ed389e30f52660a117b247b4.SplashActivity, desired={appPackage=com.afhi.agentadvantage, appActivity=md50da5b987ed389e30f52660a117b247b4.SplashActivity, app=C:\Users\ThusharA\eclipse-workspace\com.AFAdvantage\app\AgentAdvantage-Release (32).apk, newCommandTimeout=1000, platformVersion=7.0, platformName=Android, device=Android, deviceName=Android}, newCommandTimeout=1000, platformVersion=7.0, webStorageEnabled=false, locationContextEnabled=false, takesScreenshot=true, javascriptEnabled=true, deviceModel=SM-G935V, deviceManufacturer=samsung, platformName=LINUX, device=Android}]
Session ID: a810f2d9-9ccc-42f8-92cf-e67541886dbe
*** Element info: {Using=xpath, value=//android.widget.Button[@bounds='[780,1770][1050,1890]']}
	at sun.reflect.NativeConstructorAccessorImpl.newInstance0(Native Method)
	at sun.reflect.NativeConstructorAccessorImpl.newInstance(Unknown Source)
	at sun.reflect.DelegatingConstructorAccessorImpl.newInstance(Unknown Source)
	at java.lang.reflect.Constructor.newInstance(Unknown Source)
	at org.openqa.selenium.remote.ErrorHandler.createThrowable(ErrorHandler.java:214)
	at org.openqa.selenium.remote.ErrorHandler.throwIfResponseFailed(ErrorHandler.java:166)
	at org.openqa.selenium.remote.http.JsonHttpResponseCodec.reconstructValue(JsonHttpResponseCodec.java:40)
	at org.openqa.selenium.remote.http.AbstractHttpResponseCodec.decode(AbstractHttpResponseCodec.java:82)
	at org.openqa.selenium.remote.http.AbstractHttpResponseCodec.decode(AbstractHttpResponseCodec.java:45)
	at org.openqa.selenium.remote.HttpCommandExecutor.execute(HttpCommandExecutor.java:164)
	at org.openqa.selenium.remote.RemoteWebDriver.execute(RemoteWebDriver.java:586)
	at org.openqa.selenium.remote.RemoteWebDriver.findElement(RemoteWebDriver.java:356)
	at org.openqa.selenium.remote.RemoteWebDriver.findElementByXPath(RemoteWebDriver.java:458)
	at org.openqa.selenium.By$ByXPath.findElement(By.java:361)
	at org.openqa.selenium.remote.RemoteWebDriver.findElement(RemoteWebDriver.java:348)
	at org.openqa.selenium.support.pagefactory.DefaultElementLocator.findElement(DefaultElementLocator.java:69)
	at org.openqa.selenium.support.pagefactory.internal.LocatingElementHandler.invoke(LocatingElementHandler.java:38)
	at com.sun.proxy.$Proxy9.click(Unknown Source)
	at MobileTesting.com.AFAdvantage.uiActions.Homepage.userRegistration(Homepage.java:76)
	at MobileTesting.com.AFAdvantage.TC005_ValidateCompWestWebsiteObjects.validateCWMobileWebpage(TC005_ValidateCompWestWebsiteObjects.java:37)
	at sun.reflect.NativeMethodAccessorImpl.invoke0(Native Method)
	at sun.reflect.NativeMethodAccessorImpl.invoke(Unknown Source)
	at sun.reflect.DelegatingMethodAccessorImpl.invoke(Unknown Source)
	at java.lang.reflect.Method.invoke(Unknown Source)
	at org.testng.internal.MethodInvocationHelper.invokeMethod(MethodInvocationHelper.java:108)
	at org.testng.internal.Invoker.invokeMethod(Invoker.java:661)
	at org.testng.internal.Invoker.invokeTestMethod(Invoker.java:869)
	at org.testng.internal.Invoker.invokeTestMethods(Invoker.java:1193)
	at org.testng.internal.TestMethodWorker.invokeTestMethods(TestMethodWorker.java:126)
	at org.testng.internal.TestMethodWorker.run(TestMethodWorker.java:109)
	at org.testng.TestRunner.privateRun(TestRunner.java:744)
	at org.testng.TestRunner.run(TestRunner.java:602)
	at org.testng.SuiteRunner.runTest(SuiteRunner.java:380)
	at org.testng.SuiteRunner.runSequentially(SuiteRunner.java:375)
	at org.testng.SuiteRunner.privateRun(SuiteRunner.java:340)
	at org.testng.SuiteRunner.run(SuiteRunner.java:289)
	at org.testng.SuiteRunnerWorker.runSuite(SuiteRunnerWorker.java:52)
	at org.testng.SuiteRunnerWorker.run(SuiteRunnerWorker.java:86)
	at org.testng.TestNG.runSuitesSequentially(TestNG.java:1301)
	at org.testng.TestNG.runSuitesLocally(TestNG.java:1226)
	at org.testng.TestNG.runSuites(TestNG.java:1144)
	at org.testng.TestNG.run(TestNG.java:1115)
	at org.testng.remote.AbstractRemoteTestNG.run(AbstractRemoteTestNG.java:114)
	at org.testng.remote.RemoteTestNG.initAndRun(RemoteTestNG.java:251)
	at org.testng.remote.RemoteTestNG.main(RemoteTestNG.java:77)
]]>
    </failure>
  </testcase> <!-- validateCWMobileWebpage -->
  <testcase name="validate3CUMobileWebsite" time="0.005" classname="MobileTesting.com.AFAdvantage.TC006_Validate3CUWebsiteObjects">
    <failure type="org.openqa.selenium.NoSuchSessionException" message="A session is either terminated or not started (WARNING: The server did not provide any stacktrace information)
Command duration or timeout: 0 milliseconds
Build info: version: &amp;apos;3.6.0&amp;apos;, revision: &amp;apos;6fbf3ec767&amp;apos;, time: &amp;apos;2017-09-27T15:28:36.4Z&amp;apos;
System info: host: &amp;apos;AF16010DT&amp;apos;, ip: &amp;apos;10.10.20.96&amp;apos;, os.name: &amp;apos;Windows 7&amp;apos;, os.arch: &amp;apos;x86&amp;apos;, os.version: &amp;apos;6.1&amp;apos;, java.version: &amp;apos;1.8.0_144&amp;apos;
Driver info: org.openqa.selenium.remote.RemoteWebDriver
Capabilities [{appPackage=com.afhi.agentadvantage, app=C:\Users\ThusharA\eclipse-workspace\com.AFAdvantage\app\AgentAdvantage-Release (32).apk, deviceScreenSize=1440x2560, networkConnectionEnabled=true, warnings={}, databaseEnabled=false, deviceName=605d2a77, platform=LINUX, deviceUDID=605d2a77, appActivity=md50da5b987ed389e30f52660a117b247b4.SplashActivity, desired={appPackage=com.afhi.agentadvantage, appActivity=md50da5b987ed389e30f52660a117b247b4.SplashActivity, app=C:\Users\ThusharA\eclipse-workspace\com.AFAdvantage\app\AgentAdvantage-Release (32).apk, newCommandTimeout=1000, platformVersion=7.0, platformName=Android, device=Android, deviceName=Android}, newCommandTimeout=1000, platformVersion=7.0, webStorageEnabled=false, locationContextEnabled=false, takesScreenshot=true, javascriptEnabled=true, deviceModel=SM-G935V, deviceManufacturer=samsung, platformName=LINUX, device=Android}]
Session ID: 21460719-f39f-4f5e-803e-fe626a1028c6
*** Element info: {Using=xpath, value=//android.widget.Button[@bounds=&amp;apos;[780,1770][1050,1890]&amp;apos;]}">
      <![CDATA[org.openqa.selenium.NoSuchSessionException: A session is either terminated or not started (WARNING: The server did not provide any stacktrace information)
Command duration or timeout: 0 milliseconds
Build info: version: '3.6.0', revision: '6fbf3ec767', time: '2017-09-27T15:28:36.4Z'
System info: host: 'AF16010DT', ip: '10.10.20.96', os.name: 'Windows 7', os.arch: 'x86', os.version: '6.1', java.version: '1.8.0_144'
Driver info: org.openqa.selenium.remote.RemoteWebDriver
Capabilities [{appPackage=com.afhi.agentadvantage, app=C:\Users\ThusharA\eclipse-workspace\com.AFAdvantage\app\AgentAdvantage-Release (32).apk, deviceScreenSize=1440x2560, networkConnectionEnabled=true, warnings={}, databaseEnabled=false, deviceName=605d2a77, platform=LINUX, deviceUDID=605d2a77, appActivity=md50da5b987ed389e30f52660a117b247b4.SplashActivity, desired={appPackage=com.afhi.agentadvantage, appActivity=md50da5b987ed389e30f52660a117b247b4.SplashActivity, app=C:\Users\ThusharA\eclipse-workspace\com.AFAdvantage\app\AgentAdvantage-Release (32).apk, newCommandTimeout=1000, platformVersion=7.0, platformName=Android, device=Android, deviceName=Android}, newCommandTimeout=1000, platformVersion=7.0, webStorageEnabled=false, locationContextEnabled=false, takesScreenshot=true, javascriptEnabled=true, deviceModel=SM-G935V, deviceManufacturer=samsung, platformName=LINUX, device=Android}]
Session ID: 21460719-f39f-4f5e-803e-fe626a1028c6
*** Element info: {Using=xpath, value=//android.widget.Button[@bounds='[780,1770][1050,1890]']}
	at sun.reflect.NativeConstructorAccessorImpl.newInstance0(Native Method)
	at sun.reflect.NativeConstructorAccessorImpl.newInstance(Unknown Source)
	at sun.reflect.DelegatingConstructorAccessorImpl.newInstance(Unknown Source)
	at java.lang.reflect.Constructor.newInstance(Unknown Source)
	at org.openqa.selenium.remote.ErrorHandler.createThrowable(ErrorHandler.java:214)
	at org.openqa.selenium.remote.ErrorHandler.throwIfResponseFailed(ErrorHandler.java:166)
	at org.openqa.selenium.remote.http.JsonHttpResponseCodec.reconstructValue(JsonHttpResponseCodec.java:40)
	at org.openqa.selenium.remote.http.AbstractHttpResponseCodec.decode(AbstractHttpResponseCodec.java:82)
	at org.openqa.selenium.remote.http.AbstractHttpResponseCodec.decode(AbstractHttpResponseCodec.java:45)
	at org.openqa.selenium.remote.HttpCommandExecutor.execute(HttpCommandExecutor.java:164)
	at org.openqa.selenium.remote.RemoteWebDriver.execute(RemoteWebDriver.java:586)
	at org.openqa.selenium.remote.RemoteWebDriver.findElement(RemoteWebDriver.java:356)
	at org.openqa.selenium.remote.RemoteWebDriver.findElementByXPath(RemoteWebDriver.java:458)
	at org.openqa.selenium.By$ByXPath.findElement(By.java:361)
	at org.openqa.selenium.remote.RemoteWebDriver.findElement(RemoteWebDriver.java:348)
	at org.openqa.selenium.support.pagefactory.DefaultElementLocator.findElement(DefaultElementLocator.java:69)
	at org.openqa.selenium.support.pagefactory.internal.LocatingElementHandler.invoke(LocatingElementHandler.java:38)
	at com.sun.proxy.$Proxy9.click(Unknown Source)
	at MobileTesting.com.AFAdvantage.uiActions.Homepage.userRegistration(Homepage.java:76)
	at MobileTesting.com.AFAdvantage.TC006_Validate3CUWebsiteObjects.validate3CUMobileWebsite(TC006_Validate3CUWebsiteObjects.java:36)
	at sun.reflect.NativeMethodAccessorImpl.invoke0(Native Method)
	at sun.reflect.NativeMethodAccessorImpl.invoke(Unknown Source)
	at sun.reflect.DelegatingMethodAccessorImpl.invoke(Unknown Source)
	at java.lang.reflect.Method.invoke(Unknown Source)
	at org.testng.internal.MethodInvocationHelper.invokeMethod(MethodInvocationHelper.java:108)
	at org.testng.internal.Invoker.invokeMethod(Invoker.java:661)
	at org.testng.internal.Invoker.invokeTestMethod(Invoker.java:869)
	at org.testng.internal.Invoker.invokeTestMethods(Invoker.java:1193)
	at org.testng.internal.TestMethodWorker.invokeTestMethods(TestMethodWorker.java:126)
	at org.testng.internal.TestMethodWorker.run(TestMethodWorker.java:109)
	at org.testng.TestRunner.privateRun(TestRunner.java:744)
	at org.testng.TestRunner.run(TestRunner.java:602)
	at org.testng.SuiteRunner.runTest(SuiteRunner.java:380)
	at org.testng.SuiteRunner.runSequentially(SuiteRunner.java:375)
	at org.testng.SuiteRunner.privateRun(SuiteRunner.java:340)
	at org.testng.SuiteRunner.run(SuiteRunner.java:289)
	at org.testng.SuiteRunnerWorker.runSuite(SuiteRunnerWorker.java:52)
	at org.testng.SuiteRunnerWorker.run(SuiteRunnerWorker.java:86)
	at org.testng.TestNG.runSuitesSequentially(TestNG.java:1301)
	at org.testng.TestNG.runSuitesLocally(TestNG.java:1226)
	at org.testng.TestNG.runSuites(TestNG.java:1144)
	at org.testng.TestNG.run(TestNG.java:1115)
	at org.testng.remote.AbstractRemoteTestNG.run(AbstractRemoteTestNG.java:114)
	at org.testng.remote.RemoteTestNG.initAndRun(RemoteTestNG.java:251)
	at org.testng.remote.RemoteTestNG.main(RemoteTestNG.java:77)
]]>
    </failure>
  </testcase> <!-- validate3CUMobileWebsite -->
  <testcase name="validateUHMobileWebsite" time="0.005" classname="MobileTesting.com.AFAdvantage.TC007_ValidateUHWebsiteObjects">
    <failure type="org.openqa.selenium.NoSuchSessionException" message="A session is either terminated or not started (WARNING: The server did not provide any stacktrace information)
Command duration or timeout: 0 milliseconds
Build info: version: &amp;apos;3.6.0&amp;apos;, revision: &amp;apos;6fbf3ec767&amp;apos;, time: &amp;apos;2017-09-27T15:28:36.4Z&amp;apos;
System info: host: &amp;apos;AF16010DT&amp;apos;, ip: &amp;apos;10.10.20.96&amp;apos;, os.name: &amp;apos;Windows 7&amp;apos;, os.arch: &amp;apos;x86&amp;apos;, os.version: &amp;apos;6.1&amp;apos;, java.version: &amp;apos;1.8.0_144&amp;apos;
Driver info: org.openqa.selenium.remote.RemoteWebDriver
Capabilities [{appPackage=com.afhi.agentadvantage, app=C:\Users\ThusharA\eclipse-workspace\com.AFAdvantage\app\AgentAdvantage-Release (32).apk, deviceScreenSize=1440x2560, networkConnectionEnabled=true, warnings={}, databaseEnabled=false, deviceName=605d2a77, platform=LINUX, deviceUDID=605d2a77, appActivity=md50da5b987ed389e30f52660a117b247b4.SplashActivity, desired={appPackage=com.afhi.agentadvantage, appActivity=md50da5b987ed389e30f52660a117b247b4.SplashActivity, app=C:\Users\ThusharA\eclipse-workspace\com.AFAdvantage\app\AgentAdvantage-Release (32).apk, newCommandTimeout=1000, platformVersion=7.0, platformName=Android, device=Android, deviceName=Android}, newCommandTimeout=1000, platformVersion=7.0, webStorageEnabled=false, locationContextEnabled=false, takesScreenshot=true, javascriptEnabled=true, deviceModel=SM-G935V, deviceManufacturer=samsung, platformName=LINUX, device=Android}]
Session ID: 006c76ac-615a-4872-a388-eb382693d631
*** Element info: {Using=xpath, value=//android.widget.Button[@bounds=&amp;apos;[780,1770][1050,1890]&amp;apos;]}">
      <![CDATA[org.openqa.selenium.NoSuchSessionException: A session is either terminated or not started (WARNING: The server did not provide any stacktrace information)
Command duration or timeout: 0 milliseconds
Build info: version: '3.6.0', revision: '6fbf3ec767', time: '2017-09-27T15:28:36.4Z'
System info: host: 'AF16010DT', ip: '10.10.20.96', os.name: 'Windows 7', os.arch: 'x86', os.version: '6.1', java.version: '1.8.0_144'
Driver info: org.openqa.selenium.remote.RemoteWebDriver
Capabilities [{appPackage=com.afhi.agentadvantage, app=C:\Users\ThusharA\eclipse-workspace\com.AFAdvantage\app\AgentAdvantage-Release (32).apk, deviceScreenSize=1440x2560, networkConnectionEnabled=true, warnings={}, databaseEnabled=false, deviceName=605d2a77, platform=LINUX, deviceUDID=605d2a77, appActivity=md50da5b987ed389e30f52660a117b247b4.SplashActivity, desired={appPackage=com.afhi.agentadvantage, appActivity=md50da5b987ed389e30f52660a117b247b4.SplashActivity, app=C:\Users\ThusharA\eclipse-workspace\com.AFAdvantage\app\AgentAdvantage-Release (32).apk, newCommandTimeout=1000, platformVersion=7.0, platformName=Android, device=Android, deviceName=Android}, newCommandTimeout=1000, platformVersion=7.0, webStorageEnabled=false, locationContextEnabled=false, takesScreenshot=true, javascriptEnabled=true, deviceModel=SM-G935V, deviceManufacturer=samsung, platformName=LINUX, device=Android}]
Session ID: 006c76ac-615a-4872-a388-eb382693d631
*** Element info: {Using=xpath, value=//android.widget.Button[@bounds='[780,1770][1050,1890]']}
	at sun.reflect.NativeConstructorAccessorImpl.newInstance0(Native Method)
	at sun.reflect.NativeConstructorAccessorImpl.newInstance(Unknown Source)
	at sun.reflect.DelegatingConstructorAccessorImpl.newInstance(Unknown Source)
	at java.lang.reflect.Constructor.newInstance(Unknown Source)
	at org.openqa.selenium.remote.ErrorHandler.createThrowable(ErrorHandler.java:214)
	at org.openqa.selenium.remote.ErrorHandler.throwIfResponseFailed(ErrorHandler.java:166)
	at org.openqa.selenium.remote.http.JsonHttpResponseCodec.reconstructValue(JsonHttpResponseCodec.java:40)
	at org.openqa.selenium.remote.http.AbstractHttpResponseCodec.decode(AbstractHttpResponseCodec.java:82)
	at org.openqa.selenium.remote.http.AbstractHttpResponseCodec.decode(AbstractHttpResponseCodec.java:45)
	at org.openqa.selenium.remote.HttpCommandExecutor.execute(HttpCommandExecutor.java:164)
	at org.openqa.selenium.remote.RemoteWebDriver.execute(RemoteWebDriver.java:586)
	at org.openqa.selenium.remote.RemoteWebDriver.findElement(RemoteWebDriver.java:356)
	at org.openqa.selenium.remote.RemoteWebDriver.findElementByXPath(RemoteWebDriver.java:458)
	at org.openqa.selenium.By$ByXPath.findElement(By.java:361)
	at org.openqa.selenium.remote.RemoteWebDriver.findElement(RemoteWebDriver.java:348)
	at org.openqa.selenium.support.pagefactory.DefaultElementLocator.findElement(DefaultElementLocator.java:69)
	at org.openqa.selenium.support.pagefactory.internal.LocatingElementHandler.invoke(LocatingElementHandler.java:38)
	at com.sun.proxy.$Proxy9.click(Unknown Source)
	at MobileTesting.com.AFAdvantage.uiActions.Homepage.userRegistration(Homepage.java:76)
	at MobileTesting.com.AFAdvantage.TC007_ValidateUHWebsiteObjects.validateUHMobileWebsite(TC007_ValidateUHWebsiteObjects.java:38)
	at sun.reflect.NativeMethodAccessorImpl.invoke0(Native Method)
	at sun.reflect.NativeMethodAccessorImpl.invoke(Unknown Source)
	at sun.reflect.DelegatingMethodAccessorImpl.invoke(Unknown Source)
	at java.lang.reflect.Method.invoke(Unknown Source)
	at org.testng.internal.MethodInvocationHelper.invokeMethod(MethodInvocationHelper.java:108)
	at org.testng.internal.Invoker.invokeMethod(Invoker.java:661)
	at org.testng.internal.Invoker.invokeTestMethod(Invoker.java:869)
	at org.testng.internal.Invoker.invokeTestMethods(Invoker.java:1193)
	at org.testng.internal.TestMethodWorker.invokeTestMethods(TestMethodWorker.java:126)
	at org.testng.internal.TestMethodWorker.run(TestMethodWorker.java:109)
	at org.testng.TestRunner.privateRun(TestRunner.java:744)
	at org.testng.TestRunner.run(TestRunner.java:602)
	at org.testng.SuiteRunner.runTest(SuiteRunner.java:380)
	at org.testng.SuiteRunner.runSequentially(SuiteRunner.java:375)
	at org.testng.SuiteRunner.privateRun(SuiteRunner.java:340)
	at org.testng.SuiteRunner.run(SuiteRunner.java:289)
	at org.testng.SuiteRunnerWorker.runSuite(SuiteRunnerWorker.java:52)
	at org.testng.SuiteRunnerWorker.run(SuiteRunnerWorker.java:86)
	at org.testng.TestNG.runSuitesSequentially(TestNG.java:1301)
	at org.testng.TestNG.runSuitesLocally(TestNG.java:1226)
	at org.testng.TestNG.runSuites(TestNG.java:1144)
	at org.testng.TestNG.run(TestNG.java:1115)
	at org.testng.remote.AbstractRemoteTestNG.run(AbstractRemoteTestNG.java:114)
	at org.testng.remote.RemoteTestNG.initAndRun(RemoteTestNG.java:251)
	at org.testng.remote.RemoteTestNG.main(RemoteTestNG.java:77)
]]>
    </failure>
  </testcase> <!-- validateUHMobileWebsite -->
  <testcase name="ValidateAFHomepage" time="0.01" classname="MobileTesting.com.AFAdvantage.TC001_ValidateBrandSwapScreenAndHomepages">
    <failure type="org.openqa.selenium.NoSuchSessionException" message="A session is either terminated or not started (WARNING: The server did not provide any stacktrace information)
Command duration or timeout: 0 milliseconds
Build info: version: &amp;apos;3.6.0&amp;apos;, revision: &amp;apos;6fbf3ec767&amp;apos;, time: &amp;apos;2017-09-27T15:28:36.4Z&amp;apos;
System info: host: &amp;apos;AF16010DT&amp;apos;, ip: &amp;apos;10.10.20.96&amp;apos;, os.name: &amp;apos;Windows 7&amp;apos;, os.arch: &amp;apos;x86&amp;apos;, os.version: &amp;apos;6.1&amp;apos;, java.version: &amp;apos;1.8.0_144&amp;apos;
Driver info: org.openqa.selenium.remote.RemoteWebDriver
Capabilities [{appPackage=com.afhi.agentadvantage, app=C:\Users\ThusharA\eclipse-workspace\com.AFAdvantage\app\AgentAdvantage-Release (32).apk, deviceScreenSize=1440x2560, networkConnectionEnabled=true, warnings={}, databaseEnabled=false, deviceName=605d2a77, platform=LINUX, deviceUDID=605d2a77, appActivity=md50da5b987ed389e30f52660a117b247b4.SplashActivity, desired={appPackage=com.afhi.agentadvantage, appActivity=md50da5b987ed389e30f52660a117b247b4.SplashActivity, app=C:\Users\ThusharA\eclipse-workspace\com.AFAdvantage\app\AgentAdvantage-Release (32).apk, newCommandTimeout=1000, platformVersion=7.0, platformName=Android, device=Android, deviceName=Android}, newCommandTimeout=1000, platformVersion=7.0, webStorageEnabled=false, locationContextEnabled=false, takesScreenshot=true, javascriptEnabled=true, deviceModel=SM-G935V, deviceManufacturer=samsung, platformName=LINUX, device=Android}]
Session ID: 92fb3bcc-7abd-43b2-8c0b-f0fe93e3c459
*** Element info: {Using=xpath, value=//android.widget.Button[@bounds=&amp;apos;[780,1770][1050,1890]&amp;apos;]}">
      <![CDATA[org.openqa.selenium.NoSuchSessionException: A session is either terminated or not started (WARNING: The server did not provide any stacktrace information)
Command duration or timeout: 0 milliseconds
Build info: version: '3.6.0', revision: '6fbf3ec767', time: '2017-09-27T15:28:36.4Z'
System info: host: 'AF16010DT', ip: '10.10.20.96', os.name: 'Windows 7', os.arch: 'x86', os.version: '6.1', java.version: '1.8.0_144'
Driver info: org.openqa.selenium.remote.RemoteWebDriver
Capabilities [{appPackage=com.afhi.agentadvantage, app=C:\Users\ThusharA\eclipse-workspace\com.AFAdvantage\app\AgentAdvantage-Release (32).apk, deviceScreenSize=1440x2560, networkConnectionEnabled=true, warnings={}, databaseEnabled=false, deviceName=605d2a77, platform=LINUX, deviceUDID=605d2a77, appActivity=md50da5b987ed389e30f52660a117b247b4.SplashActivity, desired={appPackage=com.afhi.agentadvantage, appActivity=md50da5b987ed389e30f52660a117b247b4.SplashActivity, app=C:\Users\ThusharA\eclipse-workspace\com.AFAdvantage\app\AgentAdvantage-Release (32).apk, newCommandTimeout=1000, platformVersion=7.0, platformName=Android, device=Android, deviceName=Android}, newCommandTimeout=1000, platformVersion=7.0, webStorageEnabled=false, locationContextEnabled=false, takesScreenshot=true, javascriptEnabled=true, deviceModel=SM-G935V, deviceManufacturer=samsung, platformName=LINUX, device=Android}]
Session ID: 92fb3bcc-7abd-43b2-8c0b-f0fe93e3c459
*** Element info: {Using=xpath, value=//android.widget.Button[@bounds='[780,1770][1050,1890]']}
	at sun.reflect.NativeConstructorAccessorImpl.newInstance0(Native Method)
	at sun.reflect.NativeConstructorAccessorImpl.newInstance(Unknown Source)
	at sun.reflect.DelegatingConstructorAccessorImpl.newInstance(Unknown Source)
	at java.lang.reflect.Constructor.newInstance(Unknown Source)
	at org.openqa.selenium.remote.ErrorHandler.createThrowable(ErrorHandler.java:214)
	at org.openqa.selenium.remote.ErrorHandler.throwIfResponseFailed(ErrorHandler.java:166)
	at org.openqa.selenium.remote.http.JsonHttpResponseCodec.reconstructValue(JsonHttpResponseCodec.java:40)
	at org.openqa.selenium.remote.http.AbstractHttpResponseCodec.decode(AbstractHttpResponseCodec.java:82)
	at org.openqa.selenium.remote.http.AbstractHttpResponseCodec.decode(AbstractHttpResponseCodec.java:45)
	at org.openqa.selenium.remote.HttpCommandExecutor.execute(HttpCommandExecutor.java:164)
	at org.openqa.selenium.remote.RemoteWebDriver.execute(RemoteWebDriver.java:586)
	at org.openqa.selenium.remote.RemoteWebDriver.findElement(RemoteWebDriver.java:356)
	at org.openqa.selenium.remote.RemoteWebDriver.findElementByXPath(RemoteWebDriver.java:458)
	at org.openqa.selenium.By$ByXPath.findElement(By.java:361)
	at org.openqa.selenium.remote.RemoteWebDriver.findElement(RemoteWebDriver.java:348)
	at org.openqa.selenium.support.pagefactory.DefaultElementLocator.findElement(DefaultElementLocator.java:69)
	at org.openqa.selenium.support.pagefactory.internal.LocatingElementHandler.invoke(LocatingElementHandler.java:38)
	at com.sun.proxy.$Proxy9.click(Unknown Source)
	at MobileTesting.com.AFAdvantage.uiActions.Homepage.userRegistration(Homepage.java:76)
	at MobileTesting.com.AFAdvantage.TC001_ValidateBrandSwapScreenAndHomepages.ValidateAFHomepage(TC001_ValidateBrandSwapScreenAndHomepages.java:46)
	at sun.reflect.NativeMethodAccessorImpl.invoke0(Native Method)
	at sun.reflect.NativeMethodAccessorImpl.invoke(Unknown Source)
	at sun.reflect.DelegatingMethodAccessorImpl.invoke(Unknown Source)
	at java.lang.reflect.Method.invoke(Unknown Source)
	at org.testng.internal.MethodInvocationHelper.invokeMethod(MethodInvocationHelper.java:108)
	at org.testng.internal.Invoker.invokeMethod(Invoker.java:661)
	at org.testng.internal.Invoker.invokeTestMethod(Invoker.java:869)
	at org.testng.internal.Invoker.invokeTestMethods(Invoker.java:1193)
	at org.testng.internal.TestMethodWorker.invokeTestMethods(TestMethodWorker.java:126)
	at org.testng.internal.TestMethodWorker.run(TestMethodWorker.java:109)
	at org.testng.TestRunner.privateRun(TestRunner.java:744)
	at org.testng.TestRunner.run(TestRunner.java:602)
	at org.testng.SuiteRunner.runTest(SuiteRunner.java:380)
	at org.testng.SuiteRunner.runSequentially(SuiteRunner.java:375)
	at org.testng.SuiteRunner.privateRun(SuiteRunner.java:340)
	at org.testng.SuiteRunner.run(SuiteRunner.java:289)
	at org.testng.SuiteRunnerWorker.runSuite(SuiteRunnerWorker.java:52)
	at org.testng.SuiteRunnerWorker.run(SuiteRunnerWorker.java:86)
	at org.testng.TestNG.runSuitesSequentially(TestNG.java:1301)
	at org.testng.TestNG.runSuitesLocally(TestNG.java:1226)
	at org.testng.TestNG.runSuites(TestNG.java:1144)
	at org.testng.TestNG.run(TestNG.java:1115)
	at org.testng.remote.AbstractRemoteTestNG.run(AbstractRemoteTestNG.java:114)
	at org.testng.remote.RemoteTestNG.initAndRun(RemoteTestNG.java:251)
	at org.testng.remote.RemoteTestNG.main(RemoteTestNG.java:77)
]]>
    </failure>
  </testcase> <!-- ValidateAFHomepage -->
  <testcase name="validateAFMarketingMeterialAndEmailAFSpecificInfo" time="0.012" classname="MobileTesting.com.AFAdvantage.TC008_Validate_AF_CW_MarketingMeterialScreenAndEmailDocuments">
    <failure type="org.openqa.selenium.NoSuchSessionException" message="A session is either terminated or not started (WARNING: The server did not provide any stacktrace information)
Command duration or timeout: 0 milliseconds
Build info: version: &amp;apos;3.6.0&amp;apos;, revision: &amp;apos;6fbf3ec767&amp;apos;, time: &amp;apos;2017-09-27T15:28:36.4Z&amp;apos;
System info: host: &amp;apos;AF16010DT&amp;apos;, ip: &amp;apos;10.10.20.96&amp;apos;, os.name: &amp;apos;Windows 7&amp;apos;, os.arch: &amp;apos;x86&amp;apos;, os.version: &amp;apos;6.1&amp;apos;, java.version: &amp;apos;1.8.0_144&amp;apos;
Driver info: org.openqa.selenium.remote.RemoteWebDriver
Capabilities [{appPackage=com.afhi.agentadvantage, app=C:\Users\ThusharA\eclipse-workspace\com.AFAdvantage\app\AgentAdvantage-Release (32).apk, deviceScreenSize=1440x2560, networkConnectionEnabled=true, warnings={}, databaseEnabled=false, deviceName=605d2a77, platform=LINUX, deviceUDID=605d2a77, appActivity=md50da5b987ed389e30f52660a117b247b4.SplashActivity, desired={appPackage=com.afhi.agentadvantage, appActivity=md50da5b987ed389e30f52660a117b247b4.SplashActivity, app=C:\Users\ThusharA\eclipse-workspace\com.AFAdvantage\app\AgentAdvantage-Release (32).apk, newCommandTimeout=1000, platformVersion=7.0, platformName=Android, device=Android, deviceName=Android}, newCommandTimeout=1000, platformVersion=7.0, webStorageEnabled=false, locationContextEnabled=false, takesScreenshot=true, javascriptEnabled=true, deviceModel=SM-G935V, deviceManufacturer=samsung, platformName=LINUX, device=Android}]
Session ID: e2661368-0a0c-453b-81e9-efb6c255c911
*** Element info: {Using=xpath, value=//android.widget.Button[@bounds=&amp;apos;[780,1770][1050,1890]&amp;apos;]}">
      <![CDATA[org.openqa.selenium.NoSuchSessionException: A session is either terminated or not started (WARNING: The server did not provide any stacktrace information)
Command duration or timeout: 0 milliseconds
Build info: version: '3.6.0', revision: '6fbf3ec767', time: '2017-09-27T15:28:36.4Z'
System info: host: 'AF16010DT', ip: '10.10.20.96', os.name: 'Windows 7', os.arch: 'x86', os.version: '6.1', java.version: '1.8.0_144'
Driver info: org.openqa.selenium.remote.RemoteWebDriver
Capabilities [{appPackage=com.afhi.agentadvantage, app=C:\Users\ThusharA\eclipse-workspace\com.AFAdvantage\app\AgentAdvantage-Release (32).apk, deviceScreenSize=1440x2560, networkConnectionEnabled=true, warnings={}, databaseEnabled=false, deviceName=605d2a77, platform=LINUX, deviceUDID=605d2a77, appActivity=md50da5b987ed389e30f52660a117b247b4.SplashActivity, desired={appPackage=com.afhi.agentadvantage, appActivity=md50da5b987ed389e30f52660a117b247b4.SplashActivity, app=C:\Users\ThusharA\eclipse-workspace\com.AFAdvantage\app\AgentAdvantage-Release (32).apk, newCommandTimeout=1000, platformVersion=7.0, platformName=Android, device=Android, deviceName=Android}, newCommandTimeout=1000, platformVersion=7.0, webStorageEnabled=false, locationContextEnabled=false, takesScreenshot=true, javascriptEnabled=true, deviceModel=SM-G935V, deviceManufacturer=samsung, platformName=LINUX, device=Android}]
Session ID: e2661368-0a0c-453b-81e9-efb6c255c911
*** Element info: {Using=xpath, value=//android.widget.Button[@bounds='[780,1770][1050,1890]']}
	at sun.reflect.NativeConstructorAccessorImpl.newInstance0(Native Method)
	at sun.reflect.NativeConstructorAccessorImpl.newInstance(Unknown Source)
	at sun.reflect.DelegatingConstructorAccessorImpl.newInstance(Unknown Source)
	at java.lang.reflect.Constructor.newInstance(Unknown Source)
	at org.openqa.selenium.remote.ErrorHandler.createThrowable(ErrorHandler.java:214)
	at org.openqa.selenium.remote.ErrorHandler.throwIfResponseFailed(ErrorHandler.java:166)
	at org.openqa.selenium.remote.http.JsonHttpResponseCodec.reconstructValue(JsonHttpResponseCodec.java:40)
	at org.openqa.selenium.remote.http.AbstractHttpResponseCodec.decode(AbstractHttpResponseCodec.java:82)
	at org.openqa.selenium.remote.http.AbstractHttpResponseCodec.decode(AbstractHttpResponseCodec.java:45)
	at org.openqa.selenium.remote.HttpCommandExecutor.execute(HttpCommandExecutor.java:164)
	at org.openqa.selenium.remote.RemoteWebDriver.execute(RemoteWebDriver.java:586)
	at org.openqa.selenium.remote.RemoteWebDriver.findElement(RemoteWebDriver.java:356)
	at org.openqa.selenium.remote.RemoteWebDriver.findElementByXPath(RemoteWebDriver.java:458)
	at org.openqa.selenium.By$ByXPath.findElement(By.java:361)
	at org.openqa.selenium.remote.RemoteWebDriver.findElement(RemoteWebDriver.java:348)
	at org.openqa.selenium.support.pagefactory.DefaultElementLocator.findElement(DefaultElementLocator.java:69)
	at org.openqa.selenium.support.pagefactory.internal.LocatingElementHandler.invoke(LocatingElementHandler.java:38)
	at com.sun.proxy.$Proxy9.click(Unknown Source)
	at MobileTesting.com.AFAdvantage.uiActions.Homepage.userRegistration(Homepage.java:76)
	at MobileTesting.com.AFAdvantage.TC008_Validate_AF_CW_MarketingMeterialScreenAndEmailDocuments.validateAFMarketingMeterialAndEmailAFSpecificInfo(TC008_Validate_AF_CW_MarketingMeterialScreenAndEmailDocuments.java:40)
	at sun.reflect.NativeMethodAccessorImpl.invoke0(Native Method)
	at sun.reflect.NativeMethodAccessorImpl.invoke(Unknown Source)
	at sun.reflect.DelegatingMethodAccessorImpl.invoke(Unknown Source)
	at java.lang.reflect.Method.invoke(Unknown Source)
	at org.testng.internal.MethodInvocationHelper.invokeMethod(MethodInvocationHelper.java:108)
	at org.testng.internal.Invoker.invokeMethod(Invoker.java:661)
	at org.testng.internal.Invoker.invokeTestMethod(Invoker.java:869)
	at org.testng.internal.Invoker.invokeTestMethods(Invoker.java:1193)
	at org.testng.internal.TestMethodWorker.invokeTestMethods(TestMethodWorker.java:126)
	at org.testng.internal.TestMethodWorker.run(TestMethodWorker.java:109)
	at org.testng.TestRunner.privateRun(TestRunner.java:744)
	at org.testng.TestRunner.run(TestRunner.java:602)
	at org.testng.SuiteRunner.runTest(SuiteRunner.java:380)
	at org.testng.SuiteRunner.runSequentially(SuiteRunner.java:375)
	at org.testng.SuiteRunner.privateRun(SuiteRunner.java:340)
	at org.testng.SuiteRunner.run(SuiteRunner.java:289)
	at org.testng.SuiteRunnerWorker.runSuite(SuiteRunnerWorker.java:52)
	at org.testng.SuiteRunnerWorker.run(SuiteRunnerWorker.java:86)
	at org.testng.TestNG.runSuitesSequentially(TestNG.java:1301)
	at org.testng.TestNG.runSuitesLocally(TestNG.java:1226)
	at org.testng.TestNG.runSuites(TestNG.java:1144)
	at org.testng.TestNG.run(TestNG.java:1115)
	at org.testng.remote.AbstractRemoteTestNG.run(AbstractRemoteTestNG.java:114)
	at org.testng.remote.RemoteTestNG.initAndRun(RemoteTestNG.java:251)
	at org.testng.remote.RemoteTestNG.main(RemoteTestNG.java:77)
]]>
    </failure>
  </testcase> <!-- validateAFMarketingMeterialAndEmailAFSpecificInfo -->
  <testcase name="validate3CUMarketingMeterialAndEmailAFSpecificInfo" time="71.895" classname="MobileTesting.com.AFAdvantage.TC009_Validate_3CU_UH_MarketingMaterialScreenAndEmailDocuments"/>
  <testcase name="ValidateAFResourcesPage" time="0.005" classname="MobileTesting.com.AFAdvantage.TC002_ValidateResourcesMenu">
    <failure type="org.openqa.selenium.NoSuchSessionException" message="A session is either terminated or not started (WARNING: The server did not provide any stacktrace information)
Command duration or timeout: 0 milliseconds
Build info: version: &amp;apos;3.6.0&amp;apos;, revision: &amp;apos;6fbf3ec767&amp;apos;, time: &amp;apos;2017-09-27T15:28:36.4Z&amp;apos;
System info: host: &amp;apos;AF16010DT&amp;apos;, ip: &amp;apos;10.10.20.96&amp;apos;, os.name: &amp;apos;Windows 7&amp;apos;, os.arch: &amp;apos;x86&amp;apos;, os.version: &amp;apos;6.1&amp;apos;, java.version: &amp;apos;1.8.0_144&amp;apos;
Driver info: org.openqa.selenium.remote.RemoteWebDriver
Capabilities [{appPackage=com.afhi.agentadvantage, app=C:\Users\ThusharA\eclipse-workspace\com.AFAdvantage\app\AgentAdvantage-Release (32).apk, deviceScreenSize=1440x2560, networkConnectionEnabled=true, warnings={}, databaseEnabled=false, deviceName=605d2a77, platform=LINUX, deviceUDID=605d2a77, appActivity=md50da5b987ed389e30f52660a117b247b4.SplashActivity, desired={appPackage=com.afhi.agentadvantage, appActivity=md50da5b987ed389e30f52660a117b247b4.SplashActivity, app=C:\Users\ThusharA\eclipse-workspace\com.AFAdvantage\app\AgentAdvantage-Release (32).apk, newCommandTimeout=1000, platformVersion=7.0, platformName=Android, device=Android, deviceName=Android}, newCommandTimeout=1000, platformVersion=7.0, webStorageEnabled=false, locationContextEnabled=false, takesScreenshot=true, javascriptEnabled=true, deviceModel=SM-G935V, deviceManufacturer=samsung, platformName=LINUX, device=Android}]
Session ID: 3f643731-b124-4511-9ed1-ae73ee5daeee
*** Element info: {Using=xpath, value=//android.widget.Button[@bounds=&amp;apos;[780,1770][1050,1890]&amp;apos;]}">
      <![CDATA[org.openqa.selenium.NoSuchSessionException: A session is either terminated or not started (WARNING: The server did not provide any stacktrace information)
Command duration or timeout: 0 milliseconds
Build info: version: '3.6.0', revision: '6fbf3ec767', time: '2017-09-27T15:28:36.4Z'
System info: host: 'AF16010DT', ip: '10.10.20.96', os.name: 'Windows 7', os.arch: 'x86', os.version: '6.1', java.version: '1.8.0_144'
Driver info: org.openqa.selenium.remote.RemoteWebDriver
Capabilities [{appPackage=com.afhi.agentadvantage, app=C:\Users\ThusharA\eclipse-workspace\com.AFAdvantage\app\AgentAdvantage-Release (32).apk, deviceScreenSize=1440x2560, networkConnectionEnabled=true, warnings={}, databaseEnabled=false, deviceName=605d2a77, platform=LINUX, deviceUDID=605d2a77, appActivity=md50da5b987ed389e30f52660a117b247b4.SplashActivity, desired={appPackage=com.afhi.agentadvantage, appActivity=md50da5b987ed389e30f52660a117b247b4.SplashActivity, app=C:\Users\ThusharA\eclipse-workspace\com.AFAdvantage\app\AgentAdvantage-Release (32).apk, newCommandTimeout=1000, platformVersion=7.0, platformName=Android, device=Android, deviceName=Android}, newCommandTimeout=1000, platformVersion=7.0, webStorageEnabled=false, locationContextEnabled=false, takesScreenshot=true, javascriptEnabled=true, deviceModel=SM-G935V, deviceManufacturer=samsung, platformName=LINUX, device=Android}]
Session ID: 3f643731-b124-4511-9ed1-ae73ee5daeee
*** Element info: {Using=xpath, value=//android.widget.Button[@bounds='[780,1770][1050,1890]']}
	at sun.reflect.NativeConstructorAccessorImpl.newInstance0(Native Method)
	at sun.reflect.NativeConstructorAccessorImpl.newInstance(Unknown Source)
	at sun.reflect.DelegatingConstructorAccessorImpl.newInstance(Unknown Source)
	at java.lang.reflect.Constructor.newInstance(Unknown Source)
	at org.openqa.selenium.remote.ErrorHandler.createThrowable(ErrorHandler.java:214)
	at org.openqa.selenium.remote.ErrorHandler.throwIfResponseFailed(ErrorHandler.java:166)
	at org.openqa.selenium.remote.http.JsonHttpResponseCodec.reconstructValue(JsonHttpResponseCodec.java:40)
	at org.openqa.selenium.remote.http.AbstractHttpResponseCodec.decode(AbstractHttpResponseCodec.java:82)
	at org.openqa.selenium.remote.http.AbstractHttpResponseCodec.decode(AbstractHttpResponseCodec.java:45)
	at org.openqa.selenium.remote.HttpCommandExecutor.execute(HttpCommandExecutor.java:164)
	at org.openqa.selenium.remote.RemoteWebDriver.execute(RemoteWebDriver.java:586)
	at org.openqa.selenium.remote.RemoteWebDriver.findElement(RemoteWebDriver.java:356)
	at org.openqa.selenium.remote.RemoteWebDriver.findElementByXPath(RemoteWebDriver.java:458)
	at org.openqa.selenium.By$ByXPath.findElement(By.java:361)
	at org.openqa.selenium.remote.RemoteWebDriver.findElement(RemoteWebDriver.java:348)
	at org.openqa.selenium.support.pagefactory.DefaultElementLocator.findElement(DefaultElementLocator.java:69)
	at org.openqa.selenium.support.pagefactory.internal.LocatingElementHandler.invoke(LocatingElementHandler.java:38)
	at com.sun.proxy.$Proxy9.click(Unknown Source)
	at MobileTesting.com.AFAdvantage.uiActions.Homepage.userRegistration(Homepage.java:76)
	at MobileTesting.com.AFAdvantage.TC002_ValidateResourcesMenu.ValidateAFResourcesPage(TC002_ValidateResourcesMenu.java:38)
	at sun.reflect.NativeMethodAccessorImpl.invoke0(Native Method)
	at sun.reflect.NativeMethodAccessorImpl.invoke(Unknown Source)
	at sun.reflect.DelegatingMethodAccessorImpl.invoke(Unknown Source)
	at java.lang.reflect.Method.invoke(Unknown Source)
	at org.testng.internal.MethodInvocationHelper.invokeMethod(MethodInvocationHelper.java:108)
	at org.testng.internal.Invoker.invokeMethod(Invoker.java:661)
	at org.testng.internal.Invoker.invokeTestMethod(Invoker.java:869)
	at org.testng.internal.Invoker.invokeTestMethods(Invoker.java:1193)
	at org.testng.internal.TestMethodWorker.invokeTestMethods(TestMethodWorker.java:126)
	at org.testng.internal.TestMethodWorker.run(TestMethodWorker.java:109)
	at org.testng.TestRunner.privateRun(TestRunner.java:744)
	at org.testng.TestRunner.run(TestRunner.java:602)
	at org.testng.SuiteRunner.runTest(SuiteRunner.java:380)
	at org.testng.SuiteRunner.runSequentially(SuiteRunner.java:375)
	at org.testng.SuiteRunner.privateRun(SuiteRunner.java:340)
	at org.testng.SuiteRunner.run(SuiteRunner.java:289)
	at org.testng.SuiteRunnerWorker.runSuite(SuiteRunnerWorker.java:52)
	at org.testng.SuiteRunnerWorker.run(SuiteRunnerWorker.java:86)
	at org.testng.TestNG.runSuitesSequentially(TestNG.java:1301)
	at org.testng.TestNG.runSuitesLocally(TestNG.java:1226)
	at org.testng.TestNG.runSuites(TestNG.java:1144)
	at org.testng.TestNG.run(TestNG.java:1115)
	at org.testng.remote.AbstractRemoteTestNG.run(AbstractRemoteTestNG.java:114)
	at org.testng.remote.RemoteTestNG.initAndRun(RemoteTestNG.java:251)
	at org.testng.remote.RemoteTestNG.main(RemoteTestNG.java:77)
]]>
    </failure>
  </testcase> <!-- ValidateAFResourcesPage -->
  <testcase name="ValidateAFUserMenu" time="0.005" classname="MobileTesting.com.AFAdvantage.TC003_ValidateUserMenu">
    <failure type="org.openqa.selenium.NoSuchSessionException" message="A session is either terminated or not started (WARNING: The server did not provide any stacktrace information)
Command duration or timeout: 0 milliseconds
Build info: version: &amp;apos;3.6.0&amp;apos;, revision: &amp;apos;6fbf3ec767&amp;apos;, time: &amp;apos;2017-09-27T15:28:36.4Z&amp;apos;
System info: host: &amp;apos;AF16010DT&amp;apos;, ip: &amp;apos;10.10.20.96&amp;apos;, os.name: &amp;apos;Windows 7&amp;apos;, os.arch: &amp;apos;x86&amp;apos;, os.version: &amp;apos;6.1&amp;apos;, java.version: &amp;apos;1.8.0_144&amp;apos;
Driver info: org.openqa.selenium.remote.RemoteWebDriver
Capabilities [{appPackage=com.afhi.agentadvantage, app=C:\Users\ThusharA\eclipse-workspace\com.AFAdvantage\app\AgentAdvantage-Release (32).apk, deviceScreenSize=1440x2560, networkConnectionEnabled=true, warnings={}, databaseEnabled=false, deviceName=605d2a77, platform=LINUX, deviceUDID=605d2a77, appActivity=md50da5b987ed389e30f52660a117b247b4.SplashActivity, desired={appPackage=com.afhi.agentadvantage, appActivity=md50da5b987ed389e30f52660a117b247b4.SplashActivity, app=C:\Users\ThusharA\eclipse-workspace\com.AFAdvantage\app\AgentAdvantage-Release (32).apk, newCommandTimeout=1000, platformVersion=7.0, platformName=Android, device=Android, deviceName=Android}, newCommandTimeout=1000, platformVersion=7.0, webStorageEnabled=false, locationContextEnabled=false, takesScreenshot=true, javascriptEnabled=true, deviceModel=SM-G935V, deviceManufacturer=samsung, platformName=LINUX, device=Android}]
Session ID: 9773463d-1c1e-49e4-a603-090f9160aa91
*** Element info: {Using=xpath, value=//android.widget.Button[@bounds=&amp;apos;[780,1770][1050,1890]&amp;apos;]}">
      <![CDATA[org.openqa.selenium.NoSuchSessionException: A session is either terminated or not started (WARNING: The server did not provide any stacktrace information)
Command duration or timeout: 0 milliseconds
Build info: version: '3.6.0', revision: '6fbf3ec767', time: '2017-09-27T15:28:36.4Z'
System info: host: 'AF16010DT', ip: '10.10.20.96', os.name: 'Windows 7', os.arch: 'x86', os.version: '6.1', java.version: '1.8.0_144'
Driver info: org.openqa.selenium.remote.RemoteWebDriver
Capabilities [{appPackage=com.afhi.agentadvantage, app=C:\Users\ThusharA\eclipse-workspace\com.AFAdvantage\app\AgentAdvantage-Release (32).apk, deviceScreenSize=1440x2560, networkConnectionEnabled=true, warnings={}, databaseEnabled=false, deviceName=605d2a77, platform=LINUX, deviceUDID=605d2a77, appActivity=md50da5b987ed389e30f52660a117b247b4.SplashActivity, desired={appPackage=com.afhi.agentadvantage, appActivity=md50da5b987ed389e30f52660a117b247b4.SplashActivity, app=C:\Users\ThusharA\eclipse-workspace\com.AFAdvantage\app\AgentAdvantage-Release (32).apk, newCommandTimeout=1000, platformVersion=7.0, platformName=Android, device=Android, deviceName=Android}, newCommandTimeout=1000, platformVersion=7.0, webStorageEnabled=false, locationContextEnabled=false, takesScreenshot=true, javascriptEnabled=true, deviceModel=SM-G935V, deviceManufacturer=samsung, platformName=LINUX, device=Android}]
Session ID: 9773463d-1c1e-49e4-a603-090f9160aa91
*** Element info: {Using=xpath, value=//android.widget.Button[@bounds='[780,1770][1050,1890]']}
	at sun.reflect.NativeConstructorAccessorImpl.newInstance0(Native Method)
	at sun.reflect.NativeConstructorAccessorImpl.newInstance(Unknown Source)
	at sun.reflect.DelegatingConstructorAccessorImpl.newInstance(Unknown Source)
	at java.lang.reflect.Constructor.newInstance(Unknown Source)
	at org.openqa.selenium.remote.ErrorHandler.createThrowable(ErrorHandler.java:214)
	at org.openqa.selenium.remote.ErrorHandler.throwIfResponseFailed(ErrorHandler.java:166)
	at org.openqa.selenium.remote.http.JsonHttpResponseCodec.reconstructValue(JsonHttpResponseCodec.java:40)
	at org.openqa.selenium.remote.http.AbstractHttpResponseCodec.decode(AbstractHttpResponseCodec.java:82)
	at org.openqa.selenium.remote.http.AbstractHttpResponseCodec.decode(AbstractHttpResponseCodec.java:45)
	at org.openqa.selenium.remote.HttpCommandExecutor.execute(HttpCommandExecutor.java:164)
	at org.openqa.selenium.remote.RemoteWebDriver.execute(RemoteWebDriver.java:586)
	at org.openqa.selenium.remote.RemoteWebDriver.findElement(RemoteWebDriver.java:356)
	at org.openqa.selenium.remote.RemoteWebDriver.findElementByXPath(RemoteWebDriver.java:458)
	at org.openqa.selenium.By$ByXPath.findElement(By.java:361)
	at org.openqa.selenium.remote.RemoteWebDriver.findElement(RemoteWebDriver.java:348)
	at org.openqa.selenium.support.pagefactory.DefaultElementLocator.findElement(DefaultElementLocator.java:69)
	at org.openqa.selenium.support.pagefactory.internal.LocatingElementHandler.invoke(LocatingElementHandler.java:38)
	at com.sun.proxy.$Proxy9.click(Unknown Source)
	at MobileTesting.com.AFAdvantage.uiActions.Homepage.userRegistration(Homepage.java:76)
	at MobileTesting.com.AFAdvantage.TC003_ValidateUserMenu.ValidateAFUserMenu(TC003_ValidateUserMenu.java:35)
	at sun.reflect.NativeMethodAccessorImpl.invoke0(Native Method)
	at sun.reflect.NativeMethodAccessorImpl.invoke(Unknown Source)
	at sun.reflect.DelegatingMethodAccessorImpl.invoke(Unknown Source)
	at java.lang.reflect.Method.invoke(Unknown Source)
	at org.testng.internal.MethodInvocationHelper.invokeMethod(MethodInvocationHelper.java:108)
	at org.testng.internal.Invoker.invokeMethod(Invoker.java:661)
	at org.testng.internal.Invoker.invokeTestMethod(Invoker.java:869)
	at org.testng.internal.Invoker.invokeTestMethods(Invoker.java:1193)
	at org.testng.internal.TestMethodWorker.invokeTestMethods(TestMethodWorker.java:126)
	at org.testng.internal.TestMethodWorker.run(TestMethodWorker.java:109)
	at org.testng.TestRunner.privateRun(TestRunner.java:744)
	at org.testng.TestRunner.run(TestRunner.java:602)
	at org.testng.SuiteRunner.runTest(SuiteRunner.java:380)
	at org.testng.SuiteRunner.runSequentially(SuiteRunner.java:375)
	at org.testng.SuiteRunner.privateRun(SuiteRunner.java:340)
	at org.testng.SuiteRunner.run(SuiteRunner.java:289)
	at org.testng.SuiteRunnerWorker.runSuite(SuiteRunnerWorker.java:52)
	at org.testng.SuiteRunnerWorker.run(SuiteRunnerWorker.java:86)
	at org.testng.TestNG.runSuitesSequentially(TestNG.java:1301)
	at org.testng.TestNG.runSuitesLocally(TestNG.java:1226)
	at org.testng.TestNG.runSuites(TestNG.java:1144)
	at org.testng.TestNG.run(TestNG.java:1115)
	at org.testng.remote.AbstractRemoteTestNG.run(AbstractRemoteTestNG.java:114)
	at org.testng.remote.RemoteTestNG.initAndRun(RemoteTestNG.java:251)
	at org.testng.remote.RemoteTestNG.main(RemoteTestNG.java:77)
]]>
    </failure>
  </testcase> <!-- ValidateAFUserMenu -->
  <testcase name="ValidateCWHomepage" time="0.004" classname="MobileTesting.com.AFAdvantage.TC001_ValidateBrandSwapScreenAndHomepages">
    <failure type="org.openqa.selenium.NoSuchSessionException" message="A session is either terminated or not started (WARNING: The server did not provide any stacktrace information)
Command duration or timeout: 0 milliseconds
Build info: version: &amp;apos;3.6.0&amp;apos;, revision: &amp;apos;6fbf3ec767&amp;apos;, time: &amp;apos;2017-09-27T15:28:36.4Z&amp;apos;
System info: host: &amp;apos;AF16010DT&amp;apos;, ip: &amp;apos;10.10.20.96&amp;apos;, os.name: &amp;apos;Windows 7&amp;apos;, os.arch: &amp;apos;x86&amp;apos;, os.version: &amp;apos;6.1&amp;apos;, java.version: &amp;apos;1.8.0_144&amp;apos;
Driver info: org.openqa.selenium.remote.RemoteWebDriver
Capabilities [{appPackage=com.afhi.agentadvantage, app=C:\Users\ThusharA\eclipse-workspace\com.AFAdvantage\app\AgentAdvantage-Release (32).apk, deviceScreenSize=1440x2560, networkConnectionEnabled=true, warnings={}, databaseEnabled=false, deviceName=605d2a77, platform=LINUX, deviceUDID=605d2a77, appActivity=md50da5b987ed389e30f52660a117b247b4.SplashActivity, desired={appPackage=com.afhi.agentadvantage, appActivity=md50da5b987ed389e30f52660a117b247b4.SplashActivity, app=C:\Users\ThusharA\eclipse-workspace\com.AFAdvantage\app\AgentAdvantage-Release (32).apk, newCommandTimeout=1000, platformVersion=7.0, platformName=Android, device=Android, deviceName=Android}, newCommandTimeout=1000, platformVersion=7.0, webStorageEnabled=false, locationContextEnabled=false, takesScreenshot=true, javascriptEnabled=true, deviceModel=SM-G935V, deviceManufacturer=samsung, platformName=LINUX, device=Android}]
Session ID: 92fb3bcc-7abd-43b2-8c0b-f0fe93e3c459
*** Element info: {Using=xpath, value=//android.widget.Button[@text=&amp;apos;Swap&amp;apos;]}">
      <![CDATA[org.openqa.selenium.NoSuchSessionException: A session is either terminated or not started (WARNING: The server did not provide any stacktrace information)
Command duration or timeout: 0 milliseconds
Build info: version: '3.6.0', revision: '6fbf3ec767', time: '2017-09-27T15:28:36.4Z'
System info: host: 'AF16010DT', ip: '10.10.20.96', os.name: 'Windows 7', os.arch: 'x86', os.version: '6.1', java.version: '1.8.0_144'
Driver info: org.openqa.selenium.remote.RemoteWebDriver
Capabilities [{appPackage=com.afhi.agentadvantage, app=C:\Users\ThusharA\eclipse-workspace\com.AFAdvantage\app\AgentAdvantage-Release (32).apk, deviceScreenSize=1440x2560, networkConnectionEnabled=true, warnings={}, databaseEnabled=false, deviceName=605d2a77, platform=LINUX, deviceUDID=605d2a77, appActivity=md50da5b987ed389e30f52660a117b247b4.SplashActivity, desired={appPackage=com.afhi.agentadvantage, appActivity=md50da5b987ed389e30f52660a117b247b4.SplashActivity, app=C:\Users\ThusharA\eclipse-workspace\com.AFAdvantage\app\AgentAdvantage-Release (32).apk, newCommandTimeout=1000, platformVersion=7.0, platformName=Android, device=Android, deviceName=Android}, newCommandTimeout=1000, platformVersion=7.0, webStorageEnabled=false, locationContextEnabled=false, takesScreenshot=true, javascriptEnabled=true, deviceModel=SM-G935V, deviceManufacturer=samsung, platformName=LINUX, device=Android}]
Session ID: 92fb3bcc-7abd-43b2-8c0b-f0fe93e3c459
*** Element info: {Using=xpath, value=//android.widget.Button[@text='Swap']}
	at sun.reflect.NativeConstructorAccessorImpl.newInstance0(Native Method)
	at sun.reflect.NativeConstructorAccessorImpl.newInstance(Unknown Source)
	at sun.reflect.DelegatingConstructorAccessorImpl.newInstance(Unknown Source)
	at java.lang.reflect.Constructor.newInstance(Unknown Source)
	at org.openqa.selenium.remote.ErrorHandler.createThrowable(ErrorHandler.java:214)
	at org.openqa.selenium.remote.ErrorHandler.throwIfResponseFailed(ErrorHandler.java:166)
	at org.openqa.selenium.remote.http.JsonHttpResponseCodec.reconstructValue(JsonHttpResponseCodec.java:40)
	at org.openqa.selenium.remote.http.AbstractHttpResponseCodec.decode(AbstractHttpResponseCodec.java:82)
	at org.openqa.selenium.remote.http.AbstractHttpResponseCodec.decode(AbstractHttpResponseCodec.java:45)
	at org.openqa.selenium.remote.HttpCommandExecutor.execute(HttpCommandExecutor.java:164)
	at org.openqa.selenium.remote.RemoteWebDriver.execute(RemoteWebDriver.java:586)
	at org.openqa.selenium.remote.RemoteWebDriver.findElement(RemoteWebDriver.java:356)
	at org.openqa.selenium.remote.RemoteWebDriver.findElementByXPath(RemoteWebDriver.java:458)
	at org.openqa.selenium.By$ByXPath.findElement(By.java:361)
	at org.openqa.selenium.remote.RemoteWebDriver.findElement(RemoteWebDriver.java:348)
	at org.openqa.selenium.support.pagefactory.DefaultElementLocator.findElement(DefaultElementLocator.java:69)
	at org.openqa.selenium.support.pagefactory.internal.LocatingElementHandler.invoke(LocatingElementHandler.java:38)
	at com.sun.proxy.$Proxy9.click(Unknown Source)
	at MobileTesting.com.AFAdvantage.uiActions.Homepage.swapBetweenBrands(Homepage.java:92)
	at MobileTesting.com.AFAdvantage.TC001_ValidateBrandSwapScreenAndHomepages.ValidateCWHomepage(TC001_ValidateBrandSwapScreenAndHomepages.java:62)
	at sun.reflect.NativeMethodAccessorImpl.invoke0(Native Method)
	at sun.reflect.NativeMethodAccessorImpl.invoke(Unknown Source)
	at sun.reflect.DelegatingMethodAccessorImpl.invoke(Unknown Source)
	at java.lang.reflect.Method.invoke(Unknown Source)
	at org.testng.internal.MethodInvocationHelper.invokeMethod(MethodInvocationHelper.java:108)
	at org.testng.internal.Invoker.invokeMethod(Invoker.java:661)
	at org.testng.internal.Invoker.invokeTestMethod(Invoker.java:869)
	at org.testng.internal.Invoker.invokeTestMethods(Invoker.java:1193)
	at org.testng.internal.TestMethodWorker.invokeTestMethods(TestMethodWorker.java:126)
	at org.testng.internal.TestMethodWorker.run(TestMethodWorker.java:109)
	at org.testng.TestRunner.privateRun(TestRunner.java:744)
	at org.testng.TestRunner.run(TestRunner.java:602)
	at org.testng.SuiteRunner.runTest(SuiteRunner.java:380)
	at org.testng.SuiteRunner.runSequentially(SuiteRunner.java:375)
	at org.testng.SuiteRunner.privateRun(SuiteRunner.java:340)
	at org.testng.SuiteRunner.run(SuiteRunner.java:289)
	at org.testng.SuiteRunnerWorker.runSuite(SuiteRunnerWorker.java:52)
	at org.testng.SuiteRunnerWorker.run(SuiteRunnerWorker.java:86)
	at org.testng.TestNG.runSuitesSequentially(TestNG.java:1301)
	at org.testng.TestNG.runSuitesLocally(TestNG.java:1226)
	at org.testng.TestNG.runSuites(TestNG.java:1144)
	at org.testng.TestNG.run(TestNG.java:1115)
	at org.testng.remote.AbstractRemoteTestNG.run(AbstractRemoteTestNG.java:114)
	at org.testng.remote.RemoteTestNG.initAndRun(RemoteTestNG.java:251)
	at org.testng.remote.RemoteTestNG.main(RemoteTestNG.java:77)
]]>
    </failure>
  </testcase> <!-- ValidateCWHomepage -->
  <testcase name="validateCWMarketingMeterialAndEmailAFSpecificInfo" time="0.003" classname="MobileTesting.com.AFAdvantage.TC008_Validate_AF_CW_MarketingMeterialScreenAndEmailDocuments">
    <failure type="org.openqa.selenium.NoSuchSessionException" message="A session is either terminated or not started (WARNING: The server did not provide any stacktrace information)
Command duration or timeout: 0 milliseconds
Build info: version: &amp;apos;3.6.0&amp;apos;, revision: &amp;apos;6fbf3ec767&amp;apos;, time: &amp;apos;2017-09-27T15:28:36.4Z&amp;apos;
System info: host: &amp;apos;AF16010DT&amp;apos;, ip: &amp;apos;10.10.20.96&amp;apos;, os.name: &amp;apos;Windows 7&amp;apos;, os.arch: &amp;apos;x86&amp;apos;, os.version: &amp;apos;6.1&amp;apos;, java.version: &amp;apos;1.8.0_144&amp;apos;
Driver info: org.openqa.selenium.remote.RemoteWebDriver
Capabilities [{appPackage=com.afhi.agentadvantage, app=C:\Users\ThusharA\eclipse-workspace\com.AFAdvantage\app\AgentAdvantage-Release (32).apk, deviceScreenSize=1440x2560, networkConnectionEnabled=true, warnings={}, databaseEnabled=false, deviceName=605d2a77, platform=LINUX, deviceUDID=605d2a77, appActivity=md50da5b987ed389e30f52660a117b247b4.SplashActivity, desired={appPackage=com.afhi.agentadvantage, appActivity=md50da5b987ed389e30f52660a117b247b4.SplashActivity, app=C:\Users\ThusharA\eclipse-workspace\com.AFAdvantage\app\AgentAdvantage-Release (32).apk, newCommandTimeout=1000, platformVersion=7.0, platformName=Android, device=Android, deviceName=Android}, newCommandTimeout=1000, platformVersion=7.0, webStorageEnabled=false, locationContextEnabled=false, takesScreenshot=true, javascriptEnabled=true, deviceModel=SM-G935V, deviceManufacturer=samsung, platformName=LINUX, device=Android}]
Session ID: e2661368-0a0c-453b-81e9-efb6c255c911
*** Element info: {Using=xpath, value=//android.widget.Button[@text=&amp;apos;Swap&amp;apos;]}">
      <![CDATA[org.openqa.selenium.NoSuchSessionException: A session is either terminated or not started (WARNING: The server did not provide any stacktrace information)
Command duration or timeout: 0 milliseconds
Build info: version: '3.6.0', revision: '6fbf3ec767', time: '2017-09-27T15:28:36.4Z'
System info: host: 'AF16010DT', ip: '10.10.20.96', os.name: 'Windows 7', os.arch: 'x86', os.version: '6.1', java.version: '1.8.0_144'
Driver info: org.openqa.selenium.remote.RemoteWebDriver
Capabilities [{appPackage=com.afhi.agentadvantage, app=C:\Users\ThusharA\eclipse-workspace\com.AFAdvantage\app\AgentAdvantage-Release (32).apk, deviceScreenSize=1440x2560, networkConnectionEnabled=true, warnings={}, databaseEnabled=false, deviceName=605d2a77, platform=LINUX, deviceUDID=605d2a77, appActivity=md50da5b987ed389e30f52660a117b247b4.SplashActivity, desired={appPackage=com.afhi.agentadvantage, appActivity=md50da5b987ed389e30f52660a117b247b4.SplashActivity, app=C:\Users\ThusharA\eclipse-workspace\com.AFAdvantage\app\AgentAdvantage-Release (32).apk, newCommandTimeout=1000, platformVersion=7.0, platformName=Android, device=Android, deviceName=Android}, newCommandTimeout=1000, platformVersion=7.0, webStorageEnabled=false, locationContextEnabled=false, takesScreenshot=true, javascriptEnabled=true, deviceModel=SM-G935V, deviceManufacturer=samsung, platformName=LINUX, device=Android}]
Session ID: e2661368-0a0c-453b-81e9-efb6c255c911
*** Element info: {Using=xpath, value=//android.widget.Button[@text='Swap']}
	at sun.reflect.NativeConstructorAccessorImpl.newInstance0(Native Method)
	at sun.reflect.NativeConstructorAccessorImpl.newInstance(Unknown Source)
	at sun.reflect.DelegatingConstructorAccessorImpl.newInstance(Unknown Source)
	at java.lang.reflect.Constructor.newInstance(Unknown Source)
	at org.openqa.selenium.remote.ErrorHandler.createThrowable(ErrorHandler.java:214)
	at org.openqa.selenium.remote.ErrorHandler.throwIfResponseFailed(ErrorHandler.java:166)
	at org.openqa.selenium.remote.http.JsonHttpResponseCodec.reconstructValue(JsonHttpResponseCodec.java:40)
	at org.openqa.selenium.remote.http.AbstractHttpResponseCodec.decode(AbstractHttpResponseCodec.java:82)
	at org.openqa.selenium.remote.http.AbstractHttpResponseCodec.decode(AbstractHttpResponseCodec.java:45)
	at org.openqa.selenium.remote.HttpCommandExecutor.execute(HttpCommandExecutor.java:164)
	at org.openqa.selenium.remote.RemoteWebDriver.execute(RemoteWebDriver.java:586)
	at org.openqa.selenium.remote.RemoteWebDriver.findElement(RemoteWebDriver.java:356)
	at org.openqa.selenium.remote.RemoteWebDriver.findElementByXPath(RemoteWebDriver.java:458)
	at org.openqa.selenium.By$ByXPath.findElement(By.java:361)
	at org.openqa.selenium.remote.RemoteWebDriver.findElement(RemoteWebDriver.java:348)
	at org.openqa.selenium.support.pagefactory.DefaultElementLocator.findElement(DefaultElementLocator.java:69)
	at org.openqa.selenium.support.pagefactory.internal.LocatingElementHandler.invoke(LocatingElementHandler.java:38)
	at com.sun.proxy.$Proxy9.click(Unknown Source)
	at MobileTesting.com.AFAdvantage.uiActions.Homepage.swapBetweenBrands(Homepage.java:92)
	at MobileTesting.com.AFAdvantage.TC008_Validate_AF_CW_MarketingMeterialScreenAndEmailDocuments.validateCWMarketingMeterialAndEmailAFSpecificInfo(TC008_Validate_AF_CW_MarketingMeterialScreenAndEmailDocuments.java:60)
	at sun.reflect.NativeMethodAccessorImpl.invoke0(Native Method)
	at sun.reflect.NativeMethodAccessorImpl.invoke(Unknown Source)
	at sun.reflect.DelegatingMethodAccessorImpl.invoke(Unknown Source)
	at java.lang.reflect.Method.invoke(Unknown Source)
	at org.testng.internal.MethodInvocationHelper.invokeMethod(MethodInvocationHelper.java:108)
	at org.testng.internal.Invoker.invokeMethod(Invoker.java:661)
	at org.testng.internal.Invoker.invokeTestMethod(Invoker.java:869)
	at org.testng.internal.Invoker.invokeTestMethods(Invoker.java:1193)
	at org.testng.internal.TestMethodWorker.invokeTestMethods(TestMethodWorker.java:126)
	at org.testng.internal.TestMethodWorker.run(TestMethodWorker.java:109)
	at org.testng.TestRunner.privateRun(TestRunner.java:744)
	at org.testng.TestRunner.run(TestRunner.java:602)
	at org.testng.SuiteRunner.runTest(SuiteRunner.java:380)
	at org.testng.SuiteRunner.runSequentially(SuiteRunner.java:375)
	at org.testng.SuiteRunner.privateRun(SuiteRunner.java:340)
	at org.testng.SuiteRunner.run(SuiteRunner.java:289)
	at org.testng.SuiteRunnerWorker.runSuite(SuiteRunnerWorker.java:52)
	at org.testng.SuiteRunnerWorker.run(SuiteRunnerWorker.java:86)
	at org.testng.TestNG.runSuitesSequentially(TestNG.java:1301)
	at org.testng.TestNG.runSuitesLocally(TestNG.java:1226)
	at org.testng.TestNG.runSuites(TestNG.java:1144)
	at org.testng.TestNG.run(TestNG.java:1115)
	at org.testng.remote.AbstractRemoteTestNG.run(AbstractRemoteTestNG.java:114)
	at org.testng.remote.RemoteTestNG.initAndRun(RemoteTestNG.java:251)
	at org.testng.remote.RemoteTestNG.main(RemoteTestNG.java:77)
]]>
    </failure>
  </testcase> <!-- validateCWMarketingMeterialAndEmailAFSpecificInfo -->
  <testcase name="validateUHMarketingMeterialAndEmailAFSpecificInfo" time="32.938" classname="MobileTesting.com.AFAdvantage.TC009_Validate_3CU_UH_MarketingMaterialScreenAndEmailDocuments"/>
  <testcase name="ValidateCWResourcesPage" time="0.004" classname="MobileTesting.com.AFAdvantage.TC002_ValidateResourcesMenu">
    <failure type="org.openqa.selenium.NoSuchSessionException" message="A session is either terminated or not started (WARNING: The server did not provide any stacktrace information)
Command duration or timeout: 0 milliseconds
Build info: version: &amp;apos;3.6.0&amp;apos;, revision: &amp;apos;6fbf3ec767&amp;apos;, time: &amp;apos;2017-09-27T15:28:36.4Z&amp;apos;
System info: host: &amp;apos;AF16010DT&amp;apos;, ip: &amp;apos;10.10.20.96&amp;apos;, os.name: &amp;apos;Windows 7&amp;apos;, os.arch: &amp;apos;x86&amp;apos;, os.version: &amp;apos;6.1&amp;apos;, java.version: &amp;apos;1.8.0_144&amp;apos;
Driver info: org.openqa.selenium.remote.RemoteWebDriver
Capabilities [{appPackage=com.afhi.agentadvantage, app=C:\Users\ThusharA\eclipse-workspace\com.AFAdvantage\app\AgentAdvantage-Release (32).apk, deviceScreenSize=1440x2560, networkConnectionEnabled=true, warnings={}, databaseEnabled=false, deviceName=605d2a77, platform=LINUX, deviceUDID=605d2a77, appActivity=md50da5b987ed389e30f52660a117b247b4.SplashActivity, desired={appPackage=com.afhi.agentadvantage, appActivity=md50da5b987ed389e30f52660a117b247b4.SplashActivity, app=C:\Users\ThusharA\eclipse-workspace\com.AFAdvantage\app\AgentAdvantage-Release (32).apk, newCommandTimeout=1000, platformVersion=7.0, platformName=Android, device=Android, deviceName=Android}, newCommandTimeout=1000, platformVersion=7.0, webStorageEnabled=false, locationContextEnabled=false, takesScreenshot=true, javascriptEnabled=true, deviceModel=SM-G935V, deviceManufacturer=samsung, platformName=LINUX, device=Android}]
Session ID: 3f643731-b124-4511-9ed1-ae73ee5daeee
*** Element info: {Using=xpath, value=//android.widget.Button[@text=&amp;apos;Swap&amp;apos;]}">
      <![CDATA[org.openqa.selenium.NoSuchSessionException: A session is either terminated or not started (WARNING: The server did not provide any stacktrace information)
Command duration or timeout: 0 milliseconds
Build info: version: '3.6.0', revision: '6fbf3ec767', time: '2017-09-27T15:28:36.4Z'
System info: host: 'AF16010DT', ip: '10.10.20.96', os.name: 'Windows 7', os.arch: 'x86', os.version: '6.1', java.version: '1.8.0_144'
Driver info: org.openqa.selenium.remote.RemoteWebDriver
Capabilities [{appPackage=com.afhi.agentadvantage, app=C:\Users\ThusharA\eclipse-workspace\com.AFAdvantage\app\AgentAdvantage-Release (32).apk, deviceScreenSize=1440x2560, networkConnectionEnabled=true, warnings={}, databaseEnabled=false, deviceName=605d2a77, platform=LINUX, deviceUDID=605d2a77, appActivity=md50da5b987ed389e30f52660a117b247b4.SplashActivity, desired={appPackage=com.afhi.agentadvantage, appActivity=md50da5b987ed389e30f52660a117b247b4.SplashActivity, app=C:\Users\ThusharA\eclipse-workspace\com.AFAdvantage\app\AgentAdvantage-Release (32).apk, newCommandTimeout=1000, platformVersion=7.0, platformName=Android, device=Android, deviceName=Android}, newCommandTimeout=1000, platformVersion=7.0, webStorageEnabled=false, locationContextEnabled=false, takesScreenshot=true, javascriptEnabled=true, deviceModel=SM-G935V, deviceManufacturer=samsung, platformName=LINUX, device=Android}]
Session ID: 3f643731-b124-4511-9ed1-ae73ee5daeee
*** Element info: {Using=xpath, value=//android.widget.Button[@text='Swap']}
	at sun.reflect.NativeConstructorAccessorImpl.newInstance0(Native Method)
[...]
Command duration or timeout: 0 milliseconds
Build info: version: &amp;apos;3.6.0&amp;apos;, revision: &amp;apos;6fbf3ec767&amp;apos;, time: &amp;apos;2017-09-27T15:28:36.4Z&amp;apos;
System info: host: &amp;apos;AF16010DT&amp;apos;, ip: &amp;apos;10.10.20.96&amp;apos;, os.name: &amp;apos;Windows 7&amp;apos;, os.arch: &amp;apos;x86&amp;apos;, os.version: &amp;apos;6.1&amp;apos;, java.version: &amp;apos;1.8.0_144&amp;apos;
Driver info: org.openqa.selenium.remote.RemoteWebDriver
Capabilities [{appPackage=com.afhi.agentadvantage, app=C:\Users\ThusharA\eclipse-workspace\com.AFAdvantage\app\AgentAdvantage-Release (32).apk, deviceScreenSize=1440x2560, networkConnectionEnabled=true, warnings={}, databaseEnabled=false, deviceName=605d2a77, platform=LINUX, deviceUDID=605d2a77, appActivity=md50da5b987ed389e30f52660a117b247b4.SplashActivity, desired={appPackage=com.afhi.agentadvantage, appActivity=md50da5b987ed389e30f52660a117b247b4.SplashActivity, app=C:\Users\ThusharA\eclipse-workspace\com.AFAdvantage\app\AgentAdvantage-Release (32).apk, newCommandTimeout=1000, platformVersion=7.0, platformName=Android, device=Android, deviceName=Android}, newCommandTimeout=1000, platformVersion=7.0, webStorageEnabled=false, locationContextEnabled=false, takesScreenshot=true, javascriptEnabled=true, deviceModel=SM-G935V, deviceManufacturer=samsung, platformName=LINUX, device=Android}]
Session ID: 92fb3bcc-7abd-43b2-8c0b-f0fe93e3c459
*** Element info: {Using=xpath, value=//android.widget.Button[@text=&amp;apos;Swap&amp;apos;]}">
      <![CDATA[org.openqa.selenium.NoSuchSessionException: A session is either terminated or not started (WARNING: The server did not provide any stacktrace information)
Command duration or timeout: 0 milliseconds
Build info: version: '3.6.0', revision: '6fbf3ec767', time: '2017-09-27T15:28:36.4Z'
System info: host: 'AF16010DT', ip: '10.10.20.96', os.name: 'Windows 7', os.arch: 'x86', os.version: '6.1', java.version: '1.8.0_144'
Driver info: org.openqa.selenium.remote.RemoteWebDriver
Capabilities [{appPackage=com.afhi.agentadvantage, app=C:\Users\ThusharA\eclipse-workspace\com.AFAdvantage\app\AgentAdvantage-Release (32).apk, deviceScreenSize=1440x2560, networkConnectionEnabled=true, warnings={}, databaseEnabled=false, deviceName=605d2a77, platform=LINUX, deviceUDID=605d2a77, appActivity=md50da5b987ed389e30f52660a117b247b4.SplashActivity, desired={appPackage=com.afhi.agentadvantage, appActivity=md50da5b987ed389e30f52660a117b247b4.SplashActivity, app=C:\Users\ThusharA\eclipse-workspace\com.AFAdvantage\app\AgentAdvantage-Release (32).apk, newCommandTimeout=1000, platformVersion=7.0, platformName=Android, device=Android, deviceName=Android}, newCommandTimeout=1000, platformVersion=7.0, webStorageEnabled=false, locationContextEnabled=false, takesScreenshot=true, javascriptEnabled=true, deviceModel=SM-G935V, deviceManufacturer=samsung, platformName=LINUX, device=Android}]
Session ID: 92fb3bcc-7abd-43b2-8c0b-f0fe93e3c459
*** Element info: {Using=xpath, value=//android.widget.Button[@text='Swap']}
	at sun.reflect.NativeConstructorAccessorImpl.newInstance0(Native Method)
	at sun.reflect.NativeConstructorAccessorImpl.newInstance(Unknown Source)
	at sun.reflect.DelegatingConstructorAccessorImpl.newInstance(Unknown Source)
	at java.lang.reflect.Constructor.newInstance(Unknown Source)
	at org.openqa.selenium.remote.ErrorHandler.createThrowable(ErrorHandler.java:214)
	at org.openqa.selenium.remote.ErrorHandler.throwIfResponseFailed(ErrorHandler.java:166)
	at org.openqa.selenium.remote.http.JsonHttpResponseCodec.reconstructValue(JsonHttpResponseCodec.java:40)
	at org.openqa.selenium.remote.http.AbstractHttpResponseCodec.decode(AbstractHttpResponseCodec.java:82)
	at org.openqa.selenium.remote.http.AbstractHttpResponseCodec.decode(AbstractHttpResponseCodec.java:45)
	at org.openqa.selenium.remote.HttpCommandExecutor.execute(HttpCommandExecutor.java:164)
	at org.openqa.selenium.remote.RemoteWebDriver.execute(RemoteWebDriver.java:586)
	at org.openqa.selenium.remote.RemoteWebDriver.findElement(RemoteWebDriver.java:356)
	at org.openqa.selenium.remote.RemoteWebDriver.findElementByXPath(RemoteWebDriver.java:458)
	at org.openqa.selenium.By$ByXPath.findElement(By.java:361)
	at org.openqa.selenium.remote.RemoteWebDriver.findElement(RemoteWebDriver.java:348)
	at org.openqa.selenium.support.pagefactory.DefaultElementLocator.findElement(DefaultElementLocator.java:69)
	at org.openqa.selenium.support.pagefactory.internal.LocatingElementHandler.invoke(LocatingElementHandler.java:38)
	at com.sun.proxy.$Proxy9.click(Unknown Source)
	at MobileTesting.com.AFAdvantage.uiActions.Homepage.swapBetweenBrands(Homepage.java:92)
	at MobileTesting.com.AFAdvantage.TC001_ValidateBrandSwapScreenAndHomepages.ValidateUHHomepage(TC001_ValidateBrandSwapScreenAndHomepages.java:92)
	at sun.reflect.NativeMethodAccessorImpl.invoke0(Native Method)
	at sun.reflect.NativeMethodAccessorImpl.invoke(Unknown Source)
	at sun.reflect.DelegatingMethodAccessorImpl.invoke(Unknown Source)
	at java.lang.reflect.Method.invoke(Unknown Source)
	at org.testng.internal.MethodInvocationHelper.invokeMethod(MethodInvocationHelper.java:108)
	at org.testng.internal.Invoker.invokeMethod(Invoker.java:661)
	at org.testng.internal.Invoker.invokeTestMethod(Invoker.java:869)
	at org.testng.internal.Invoker.invokeTestMethods(Invoker.java:1193)
	at org.testng.internal.TestMethodWorker.invokeTestMethods(TestMethodWorker.java:126)
	at org.testng.internal.TestMethodWorker.run(TestMethodWorker.java:109)
	at org.testng.TestRunner.privateRun(TestRunner.java:744)
	at org.testng.TestRunner.run(TestRunner.java:602)
	at org.testng.SuiteRunner.runTest(SuiteRunner.java:380)
	at org.testng.SuiteRunner.runSequentially(SuiteRunner.java:375)
	at org.testng.SuiteRunner.privateRun(SuiteRunner.java:340)
	at org.testng.SuiteRunner.run(SuiteRunner.java:289)
	at org.testng.SuiteRunnerWorker.runSuite(SuiteRunnerWorker.java:52)
	at org.testng.SuiteRunnerWorker.run(SuiteRunnerWorker.java:86)
	at org.testng.TestNG.runSuitesSequentially(TestNG.java:1301)
	at org.testng.TestNG.runSuitesLocally(TestNG.java:1226)
	at org.testng.TestNG.runSuites(TestNG.java:1144)
	at org.testng.TestNG.run(TestNG.java:1115)
	at org.testng.remote.AbstractRemoteTestNG.run(AbstractRemoteTestNG.java:114)
	at org.testng.remote.RemoteTestNG.initAndRun(RemoteTestNG.java:251)
	at org.testng.remote.RemoteTestNG.main(RemoteTestNG.java:77)
]]>
    </failure>
  </testcase> <!-- ValidateUHHomepage -->
  <testcase name="ValidateUHResourcesPage" time="0.004" classname="MobileTesting.com.AFAdvantage.TC002_ValidateResourcesMenu">
    <failure type="org.openqa.selenium.NoSuchSessionException" message="A session is either terminated or not started (WARNING: The server did not provide any stacktrace information)
Command duration or timeout: 0 milliseconds
Build info: version: &amp;apos;3.6.0&amp;apos;, revision: &amp;apos;6fbf3ec767&amp;apos;, time: &amp;apos;2017-09-27T15:28:36.4Z&amp;apos;
System info: host: &amp;apos;AF16010DT&amp;apos;, ip: &amp;apos;10.10.20.96&amp;apos;, os.name: &amp;apos;Windows 7&amp;apos;, os.arch: &amp;apos;x86&amp;apos;, os.version: &amp;apos;6.1&amp;apos;, java.version: &amp;apos;1.8.0_144&amp;apos;
Driver info: org.openqa.selenium.remote.RemoteWebDriver
Capabilities [{appPackage=com.afhi.agentadvantage, app=C:\Users\ThusharA\eclipse-workspace\com.AFAdvantage\app\AgentAdvantage-Release (32).apk, deviceScreenSize=1440x2560, networkConnectionEnabled=true, warnings={}, databaseEnabled=false, deviceName=605d2a77, platform=LINUX, deviceUDID=605d2a77, appActivity=md50da5b987ed389e30f52660a117b247b4.SplashActivity, desired={appPackage=com.afhi.agentadvantage, appActivity=md50da5b987ed389e30f52660a117b247b4.SplashActivity, app=C:\Users\ThusharA\eclipse-workspace\com.AFAdvantage\app\AgentAdvantage-Release (32).apk, newCommandTimeout=1000, platformVersion=7.0, platformName=Android, device=Android, deviceName=Android}, newCommandTimeout=1000, platformVersion=7.0, webStorageEnabled=false, locationContextEnabled=false, takesScreenshot=true, javascriptEnabled=true, deviceModel=SM-G935V, deviceManufacturer=samsung, platformName=LINUX, device=Android}]
Session ID: 3f643731-b124-4511-9ed1-ae73ee5daeee
*** Element info: {Using=xpath, value=//android.widget.Button[@text=&amp;apos;Swap&amp;apos;]}">
      <![CDATA[org.openqa.selenium.NoSuchSessionException: A session is either terminated or not started (WARNING: The server did not provide any stacktrace information)
Command duration or timeout: 0 milliseconds
Build info: version: '3.6.0', revision: '6fbf3ec767', time: '2017-09-27T15:28:36.4Z'
System info: host: 'AF16010DT', ip: '10.10.20.96', os.name: 'Windows 7', os.arch: 'x86', os.version: '6.1', java.version: '1.8.0_144'
Driver info: org.openqa.selenium.remote.RemoteWebDriver
Capabilities [{appPackage=com.afhi.agentadvantage, app=C:\Users\ThusharA\eclipse-workspace\com.AFAdvantage\app\AgentAdvantage-Release (32).apk, deviceScreenSize=1440x2560, networkConnectionEnabled=true, warnings={}, databaseEnabled=false, deviceName=605d2a77, platform=LINUX, deviceUDID=605d2a77, appActivity=md50da5b987ed389e30f52660a117b247b4.SplashActivity, desired={appPackage=com.afhi.agentadvantage, appActivity=md50da5b987ed389e30f52660a117b247b4.SplashActivity, app=C:\Users\ThusharA\eclipse-workspace\com.AFAdvantage\app\AgentAdvantage-Release (32).apk, newCommandTimeout=1000, platformVersion=7.0, platformName=Android, device=Android, deviceName=Android}, newCommandTimeout=1000, platformVersion=7.0, webStorageEnabled=false, locationContextEnabled=false, takesScreenshot=true, javascriptEnabled=true, deviceModel=SM-G935V, deviceManufacturer=samsung, platformName=LINUX, device=Android}]
Session ID: 3f643731-b124-4511-9ed1-ae73ee5daeee
*** Element info: {Using=xpath, value=//android.widget.Button[@text='Swap']}
	at sun.reflect.GeneratedConstructorAccessor18.newInstance(Unknown Source)
	at sun.reflect.DelegatingConstructorAccessorImpl.newInstance(Unknown Source)
	at java.lang.reflect.Constructor.newInstance(Unknown Source)
	at org.openqa.selenium.remote.ErrorHandler.createThrowable(ErrorHandler.java:214)
	at org.openqa.selenium.remote.ErrorHandler.throwIfResponseFailed(ErrorHandler.java:166)
	at org.openqa.selenium.remote.http.JsonHttpResponseCodec.reconstructValue(JsonHttpResponseCodec.java:40)
	at org.openqa.selenium.remote.http.AbstractHttpResponseCodec.decode(AbstractHttpResponseCodec.java:82)
	at org.openqa.selenium.remote.http.AbstractHttpResponseCodec.decode(AbstractHttpResponseCodec.java:45)
	at org.openqa.selenium.remote.HttpCommandExecutor.execute(HttpCommandExecutor.java:164)
	at org.openqa.selenium.remote.RemoteWebDriver.execute(RemoteWebDriver.java:586)
	at org.openqa.selenium.remote.RemoteWebDriver.findElement(RemoteWebDriver.java:356)
	at org.openqa.selenium.remote.RemoteWebDriver.findElementByXPath(RemoteWebDriver.java:458)
	at org.openqa.selenium.By$ByXPath.findElement(By.java:361)
	at org.openqa.selenium.remote.RemoteWebDriver.findElement(RemoteWebDriver.java:348)
	at org.openqa.selenium.support.pagefactory.DefaultElementLocator.findElement(DefaultElementLocator.java:69)
	at org.openqa.selenium.support.pagefactory.internal.LocatingElementHandler.invoke(LocatingElementHandler.java:38)
	at com.sun.proxy.$Proxy9.click(Unknown Source)
	at MobileTesting.com.AFAdvantage.uiActions.Homepage.swapBetweenBrands(Homepage.java:92)
	at MobileTesting.com.AFAdvantage.TC002_ValidateResourcesMenu.ValidateUHResourcesPage(TC002_ValidateResourcesMenu.java:79)
	at sun.reflect.NativeMethodAccessorImpl.invoke0(Native Method)
	at sun.reflect.NativeMethodAccessorImpl.invoke(Unknown Source)
	at sun.reflect.DelegatingMethodAccessorImpl.invoke(Unknown Source)
	at java.lang.reflect.Method.invoke(Unknown Source)
	at org.testng.internal.MethodInvocationHelper.invokeMethod(MethodInvocationHelper.java:108)
	at org.testng.internal.Invoker.invokeMethod(Invoker.java:661)
	at org.testng.internal.Invoker.invokeTestMethod(Invoker.java:869)
	at org.testng.internal.Invoker.invokeTestMethods(Invoker.java:1193)
	at org.testng.internal.TestMethodWorker.invokeTestMethods(TestMethodWorker.java:126)
	at org.testng.internal.TestMethodWorker.run(TestMethodWorker.java:109)
	at org.testng.TestRunner.privateRun(TestRunner.java:744)
	at org.testng.TestRunner.run(TestRunner.java:602)
	at org.testng.SuiteRunner.runTest(SuiteRunner.java:380)
	at org.testng.SuiteRunner.runSequentially(SuiteRunner.java:375)
	at org.testng.SuiteRunner.privateRun(SuiteRunner.java:340)
	at org.testng.SuiteRunner.run(SuiteRunner.java:289)
	at org.testng.SuiteRunnerWorker.runSuite(SuiteRunnerWorker.java:52)
	at org.testng.SuiteRunnerWorker.run(SuiteRunnerWorker.java:86)
	at org.testng.TestNG.runSuitesSequentially(TestNG.java:1301)
	at org.testng.TestNG.runSuitesLocally(TestNG.java:1226)
	at org.testng.TestNG.runSuites(TestNG.java:1144)
	at org.testng.TestNG.run(TestNG.java:1115)
	at org.testng.remote.AbstractRemoteTestNG.run(AbstractRemoteTestNG.java:114)
	at org.testng.remote.RemoteTestNG.initAndRun(RemoteTestNG.java:251)
	at org.testng.remote.RemoteTestNG.main(RemoteTestNG.java:77)
]]>
    </failure>
  </testcase> <!-- ValidateUHResourcesPage -->
  <testcase name="ValidateUHUserMenu" time="0.004" classname="MobileTesting.com.AFAdvantage.TC003_ValidateUserMenu">
    <failure type="org.openqa.selenium.NoSuchSessionException" message="A session is either terminated or not started (WARNING: The server did not provide any stacktrace information)
Command duration or timeout: 0 milliseconds
Build info: version: &amp;apos;3.6.0&amp;apos;, revision: &amp;apos;6fbf3ec767&amp;apos;, time: &amp;apos;2017-09-27T15:28:36.4Z&amp;apos;
System info: host: &amp;apos;AF16010DT&amp;apos;, ip: &amp;apos;10.10.20.96&amp;apos;, os.name: &amp;apos;Windows 7&amp;apos;, os.arch: &amp;apos;x86&amp;apos;, os.version: &amp;apos;6.1&amp;apos;, java.version: &amp;apos;1.8.0_144&amp;apos;
Driver info: org.openqa.selenium.remote.RemoteWebDriver
Capabilities [{appPackage=com.afhi.agentadvantage, app=C:\Users\ThusharA\eclipse-workspace\com.AFAdvantage\app\AgentAdvantage-Release (32).apk, deviceScreenSize=1440x2560, networkConnectionEnabled=true, warnings={}, databaseEnabled=false, deviceName=605d2a77, platform=LINUX, deviceUDID=605d2a77, appActivity=md50da5b987ed389e30f52660a117b247b4.SplashActivity, desired={appPackage=com.afhi.agentadvantage, appActivity=md50da5b987ed389e30f52660a117b247b4.SplashActivity, app=C:\Users\ThusharA\eclipse-workspace\com.AFAdvantage\app\AgentAdvantage-Release (32).apk, newCommandTimeout=1000, platformVersion=7.0, platformName=Android, device=Android, deviceName=Android}, newCommandTimeout=1000, platformVersion=7.0, webStorageEnabled=false, locationContextEnabled=false, takesScreenshot=true, javascriptEnabled=true, deviceModel=SM-G935V, deviceManufacturer=samsung, platformName=LINUX, device=Android}]
Session ID: 9773463d-1c1e-49e4-a603-090f9160aa91
*** Element info: {Using=xpath, value=//android.widget.Button[@text=&amp;apos;Swap&amp;apos;]}">
      <![CDATA[org.openqa.selenium.NoSuchSessionException: A session is either terminated or not started (WARNING: The server did not provide any stacktrace information)
Command duration or timeout: 0 milliseconds
Build info: version: '3.6.0', revision: '6fbf3ec767', time: '2017-09-27T15:28:36.4Z'
System info: host: 'AF16010DT', ip: '10.10.20.96', os.name: 'Windows 7', os.arch: 'x86', os.version: '6.1', java.version: '1.8.0_144'
Driver info: org.openqa.selenium.remote.RemoteWebDriver
Capabilities [{appPackage=com.afhi.agentadvantage, app=C:\Users\ThusharA\eclipse-workspace\com.AFAdvantage\app\AgentAdvantage-Release (32).apk, deviceScreenSize=1440x2560, networkConnectionEnabled=true, warnings={}, databaseEnabled=false, deviceName=605d2a77, platform=LINUX, deviceUDID=605d2a77, appActivity=md50da5b987ed389e30f52660a117b247b4.SplashActivity, desired={appPackage=com.afhi.agentadvantage, appActivity=md50da5b987ed389e30f52660a117b247b4.SplashActivity, app=C:\Users\ThusharA\eclipse-workspace\com.AFAdvantage\app\AgentAdvantage-Release (32).apk, newCommandTimeout=1000, platformVersion=7.0, platformName=Android, device=Android, deviceName=Android}, newCommandTimeout=1000, platformVersion=7.0, webStorageEnabled=false, locationContextEnabled=false, takesScreenshot=true, javascriptEnabled=true, deviceModel=SM-G935V, deviceManufacturer=samsung, platformName=LINUX, device=Android}]
Session ID: 9773463d-1c1e-49e4-a603-090f9160aa91
*** Element info: {Using=xpath, value=//android.widget.Button[@text='Swap']}
	at sun.reflect.GeneratedConstructorAccessor18.newInstance(Unknown Source)
	at sun.reflect.DelegatingConstructorAccessorImpl.newInstance(Unknown Source)
	at java.lang.reflect.Constructor.newInstance(Unknown Source)
	at org.openqa.selenium.remote.ErrorHandler.createThrowable(ErrorHandler.java:214)
	at org.openqa.selenium.remote.ErrorHandler.throwIfResponseFailed(ErrorHandler.java:166)
	at org.openqa.selenium.remote.http.JsonHttpResponseCodec.reconstructValue(JsonHttpResponseCodec.java:40)
	at org.openqa.selenium.remote.http.AbstractHttpResponseCodec.decode(AbstractHttpResponseCodec.java:82)
	at org.openqa.selenium.remote.http.AbstractHttpResponseCodec.decode(AbstractHttpResponseCodec.java:45)
	at org.openqa.selenium.remote.HttpCommandExecutor.execute(HttpCommandExecutor.java:164)
	at org.openqa.selenium.remote.RemoteWebDriver.execute(RemoteWebDriver.java:586)
	at org.openqa.selenium.remote.RemoteWebDriver.findElement(RemoteWebDriver.java:356)
	at org.openqa.selenium.remote.RemoteWebDriver.findElementByXPath(RemoteWebDriver.java:458)
	at org.openqa.selenium.By$ByXPath.findElement(By.java:361)
	at org.openqa.selenium.remote.RemoteWebDriver.findElement(RemoteWebDriver.java:348)
	at org.openqa.selenium.support.pagefactory.DefaultElementLocator.findElement(DefaultElementLocator.java:69)
	at org.openqa.selenium.support.pagefactory.internal.LocatingElementHandler.invoke(LocatingElementHandler.java:38)
	at com.sun.proxy.$Proxy9.click(Unknown Source)
	at MobileTesting.com.AFAdvantage.uiActions.Homepage.swapBetweenBrands(Homepage.java:92)
	at MobileTesting.com.AFAdvantage.TC003_ValidateUserMenu.ValidateUHUserMenu(TC003_ValidateUserMenu.java:68)
	at sun.reflect.NativeMethodAccessorImpl.invoke0(Native Method)
	at sun.reflect.NativeMethodAccessorImpl.invoke(Unknown Source)
	at sun.reflect.DelegatingMethodAccessorImpl.invoke(Unknown Source)
	at java.lang.reflect.Method.invoke(Unknown Source)
	at org.testng.internal.MethodInvocationHelper.invokeMethod(MethodInvocationHelper.java:108)
	at org.testng.internal.Invoker.invokeMethod(Invoker.java:661)
	at org.testng.internal.Invoker.invokeTestMethod(Invoker.java:869)
	at org.testng.internal.Invoker.invokeTestMethods(Invoker.java:1193)
	at org.testng.internal.TestMethodWorker.invokeTestMethods(TestMethodWorker.java:126)
	at org.testng.internal.TestMethodWorker.run(TestMethodWorker.java:109)
	at org.testng.TestRunner.privateRun(TestRunner.java:744)
	at org.testng.TestRunner.run(TestRunner.java:602)
	at org.testng.SuiteRunner.runTest(SuiteRunner.java:380)
	at org.testng.SuiteRunner.runSequentially(SuiteRunner.java:375)
	at org.testng.SuiteRunner.privateRun(SuiteRunner.java:340)
	at org.testng.SuiteRunner.run(SuiteRunner.java:289)
	at org.testng.SuiteRunnerWorker.runSuite(SuiteRunnerWorker.java:52)
	at org.testng.SuiteRunnerWorker.run(SuiteRunnerWorker.java:86)
	at org.testng.TestNG.runSuitesSequentially(TestNG.java:1301)
	at org.testng.TestNG.runSuitesLocally(TestNG.java:1226)
	at org.testng.TestNG.runSuites(TestNG.java:1144)
	at org.testng.TestNG.run(TestNG.java:1115)
	at org.testng.remote.AbstractRemoteTestNG.run(AbstractRemoteTestNG.java:114)
	at org.testng.remote.RemoteTestNG.initAndRun(RemoteTestNG.java:251)
	at org.testng.remote.RemoteTestNG.main(RemoteTestNG.java:77)
]]>
    </failure>
  </testcase> <!-- ValidateUHUserMenu -->
</testsuite> <!-- AFAdvantageRegressionTest -->
