<?xml version="1.0" encoding="UTF-8"?>
<!-- Generated by org.testng.reporters.JUnitXMLReporter -->
<testsuite hostname="AF16010DT" ignored="0" name="AFAdvantageRegressionTest1" tests="4" failures="0" timestamp="23 Oct 2017 18:17:01 GMT" time="82.743" errors="0">
  <testcase name="ValidateAFHomepage" time="34.929" classname="MobileTesting.com.AFAdvantage.TC001_ValidateBrandSwapScreenAndHomepages"/>
  <testcase name="ValidateCWHomepage" time="5.258" classname="MobileTesting.com.AFAdvantage.TC001_ValidateBrandSwapScreenAndHomepages"/>
  <testcase name="ValidateThreeCUHomepage" time="5.222" classname="MobileTesting.com.AFAdvantage.TC001_ValidateBrandSwapScreenAndHomepages"/>
  <testcase name="ValidateUHHomepage" time="8.209" classname="MobileTesting.com.AFAdvantage.TC001_ValidateBrandSwapScreenAndHomepages"/>
</testsuite> <!-- AFAdvantageRegressionTest1 -->
