<?xml version="1.0" encoding="UTF-8"?>
<!-- Generated by org.testng.reporters.JUnitXMLReporter -->
<testsuite hostname="AF16010DT" ignored="0" name="AFAdvantageRegressionTest2" tests="4" failures="0" timestamp="23 Oct 2017 18:18:25 GMT" time="83.51" errors="0">
  <testcase name="ValidateAFResourcesPage" time="36.57" classname="MobileTesting.com.AFAdvantage.TC002_ValidateResourcesMenu"/>
  <testcase name="ValidateCWResourcesPage" time="6.589" classname="MobileTesting.com.AFAdvantage.TC002_ValidateResourcesMenu"/>
  <testcase name="Validate3CUResourcesPage" time="7.115" classname="MobileTesting.com.AFAdvantage.TC002_ValidateResourcesMenu"/>
  <testcase name="ValidateUHResourcesPage" time="6.178" classname="MobileTesting.com.AFAdvantage.TC002_ValidateResourcesMenu"/>
</testsuite> <!-- AFAdvantageRegressionTest2 -->
