<?xml version="1.0" encoding="UTF-8"?>
<testng-results skipped="0" failed="1" ignored="0" total="1" passed="0">
  <reporter-output>
    <line>
      <![CDATA[<a href = 'C:\Users\ThusharA\eclipse-workspace\com.AFAdvantage\src\main\java\MobileTesting\com\AFAdvantage\screenshot\blank_12_06_2017_03_32_11.png'> <img src = 'C:\Users\ThusharA\eclipse-workspace\com.AFAdvantage\src\main\java\MobileTesting\com\AFAdvantage\screenshot\blank_12_06_2017_03_32_11.png'height = '100' width = '100'/> </a>]]>
    </line>
  </reporter-output>
  <suite name="Default suite" duration-ms="56834" started-at="2017-12-06T20:31:19Z" finished-at="2017-12-06T20:32:16Z">
    <groups>
    </groups>
    <test name="Default test" duration-ms="56834" started-at="2017-12-06T20:31:19Z" finished-at="2017-12-06T20:32:16Z">
      <class name="MobileTesting.com.AFAdvantage.TC013_ValidateCWMarketingMeterialScreenAndEmailDocuments">
        <test-method status="PASS" signature="setUp()[pri:0, instance:MobileTesting.com.AFAdvantage.TC013_ValidateCWMarketingMeterialScreenAndEmailDocuments@13ad2d6]" name="setUp" is-config="true" duration-ms="402" started-at="2017-12-06T15:31:19Z" finished-at="2017-12-06T15:31:19Z">
          <reporter-output>
          </reporter-output>
        </test-method> <!-- setUp -->
        <test-method status="PASS" signature="phoneAppSetUp()[pri:0, instance:MobileTesting.com.AFAdvantage.TC013_ValidateCWMarketingMeterialScreenAndEmailDocuments@13ad2d6]" name="phoneAppSetUp" is-config="true" duration-ms="20848" started-at="2017-12-06T15:31:19Z" finished-at="2017-12-06T15:31:40Z">
          <reporter-output>
          </reporter-output>
        </test-method> <!-- phoneAppSetUp -->
        <test-method status="FAIL" signature="validateCWMarketingMeterialAndEmailAFSpecificInfo(java.lang.String, java.lang.String, java.lang.String, java.lang.String)[pri:0, instance:MobileTesting.com.AFAdvantage.TC013_ValidateCWMarketingMeterialScreenAndEmailDocuments@13ad2d6]" name="validateCWMarketingMeterialAndEmailAFSpecificInfo" duration-ms="30161" started-at="2017-12-06T15:31:40Z" data-provider="userSignUpData" finished-at="2017-12-06T15:32:11Z">
          <params>
            <param index="0">
              <value>
                <![CDATA[Thushar]]>
              </value>
            </param>
            <param index="1">
              <value>
                <![CDATA[Ameen]]>
              </value>
            </param>
            <param index="2">
              <value>
                <![CDATA[thushara@accidentfund.com]]>
              </value>
            </param>
            <param index="3">
              <value>
                <![CDATA[Y]]>
              </value>
            </param>
          </params>
          <exception class="org.openqa.selenium.NoSuchElementException">
            <message>
              <![CDATA[An element could not be located on the page using the given search parameters. (WARNING: The server did not provide any stacktrace information)
Command duration or timeout: 30.13 seconds
For documentation on this error, please visit: http://seleniumhq.org/exceptions/no_such_element.html
Build info: version: '3.4.0', revision: 'unknown', time: 'unknown'
System info: host: 'AF16010DT', ip: '10.10.20.96', os.name: 'Windows 7', os.arch: 'x86', os.version: '6.1', java.version: '1.8.0_144'
Driver info: org.openqa.selenium.remote.RemoteWebDriver
Capabilities [{appPackage=com.afhi.agentadvantage, app=C:\Users\ThusharA\eclipse-workspace\com.AFAdvantage\app\AgentAdvantage-Release (32).apk, deviceScreenSize=1440x2560, networkConnectionEnabled=true, noReset=false, warnings={}, databaseEnabled=false, deviceName=605d2a77, fullReset=false, platform=LINUX, deviceUDID=605d2a77, appActivity=md50da5b987ed389e30f52660a117b247b4.SplashActivity, desired={appPackage=com.afhi.agentadvantage, appActivity=md50da5b987ed389e30f52660a117b247b4.SplashActivity, app=C:\Users\ThusharA\eclipse-workspace\com.AFAdvantage\app\AgentAdvantage-Release (32).apk, noReset=false, newCommandTimeout=1000.0, platformVersion=7.0, platformName=Android, device=Android, deviceName=Android, fullReset=false}, newCommandTimeout=1000.0, platformVersion=7.0, webStorageEnabled=false, locationContextEnabled=false, takesScreenshot=true, javascriptEnabled=true, deviceModel=SM-G935V, platformName=Android, deviceManufacturer=samsung, device=Android}]
Session ID: 478d6454-be11-484d-bf6c-b2257e318abd
*** Element info: {Using=xpath, value=//android.widget.Button[@text='Swap']}]]>
            </message>
            <full-stacktrace>
              <![CDATA[org.openqa.selenium.NoSuchElementException: An element could not be located on the page using the given search parameters. (WARNING: The server did not provide any stacktrace information)
Command duration or timeout: 30.13 seconds
For documentation on this error, please visit: http://seleniumhq.org/exceptions/no_such_element.html
Build info: version: '3.4.0', revision: 'unknown', time: 'unknown'
System info: host: 'AF16010DT', ip: '10.10.20.96', os.name: 'Windows 7', os.arch: 'x86', os.version: '6.1', java.version: '1.8.0_144'
Driver info: org.openqa.selenium.remote.RemoteWebDriver
Capabilities [{appPackage=com.afhi.agentadvantage, app=C:\Users\ThusharA\eclipse-workspace\com.AFAdvantage\app\AgentAdvantage-Release (32).apk, deviceScreenSize=1440x2560, networkConnectionEnabled=true, noReset=false, warnings={}, databaseEnabled=false, deviceName=605d2a77, fullReset=false, platform=LINUX, deviceUDID=605d2a77, appActivity=md50da5b987ed389e30f52660a117b247b4.SplashActivity, desired={appPackage=com.afhi.agentadvantage, appActivity=md50da5b987ed389e30f52660a117b247b4.SplashActivity, app=C:\Users\ThusharA\eclipse-workspace\com.AFAdvantage\app\AgentAdvantage-Release (32).apk, noReset=false, newCommandTimeout=1000.0, platformVersion=7.0, platformName=Android, device=Android, deviceName=Android, fullReset=false}, newCommandTimeout=1000.0, platformVersion=7.0, webStorageEnabled=false, locationContextEnabled=false, takesScreenshot=true, javascriptEnabled=true, deviceModel=SM-G935V, platformName=Android, deviceManufacturer=samsung, device=Android}]
Session ID: 478d6454-be11-484d-bf6c-b2257e318abd
*** Element info: {Using=xpath, value=//android.widget.Button[@text='Swap']}
	at sun.reflect.NativeConstructorAccessorImpl.newInstance0(Native Method)
	at sun.reflect.NativeConstructorAccessorImpl.newInstance(Unknown Source)
	at sun.reflect.DelegatingConstructorAccessorImpl.newInstance(Unknown Source)
	at java.lang.reflect.Constructor.newInstance(Unknown Source)
	at org.openqa.selenium.remote.ErrorHandler.createThrowable(ErrorHandler.java:215)
	at org.openqa.selenium.remote.ErrorHandler.throwIfResponseFailed(ErrorHandler.java:167)
	at org.openqa.selenium.remote.RemoteWebDriver.execute(RemoteWebDriver.java:671)
	at org.openqa.selenium.remote.RemoteWebDriver.findElement(RemoteWebDriver.java:410)
	at org.openqa.selenium.remote.RemoteWebDriver.findElementByXPath(RemoteWebDriver.java:509)
	at org.openqa.selenium.By$ByXPath.findElement(By.java:361)
	at org.openqa.selenium.remote.RemoteWebDriver.findElement(RemoteWebDriver.java:402)
	at org.openqa.selenium.support.pagefactory.DefaultElementLocator.findElement(DefaultElementLocator.java:69)
	at org.openqa.selenium.support.pagefactory.internal.LocatingElementHandler.invoke(LocatingElementHandler.java:38)
	at com.sun.proxy.$Proxy12.click(Unknown Source)
	at MobileTesting.com.AFAdvantage.uiActions.Homepage.swapBetweenBrands(Homepage.java:94)
	at MobileTesting.com.AFAdvantage.TC013_ValidateCWMarketingMeterialScreenAndEmailDocuments.validateCWMarketingMeterialAndEmailAFSpecificInfo(TC013_ValidateCWMarketingMeterialScreenAndEmailDocuments.java:47)
	at sun.reflect.NativeMethodAccessorImpl.invoke0(Native Method)
	at sun.reflect.NativeMethodAccessorImpl.invoke(Unknown Source)
	at sun.reflect.DelegatingMethodAccessorImpl.invoke(Unknown Source)
	at java.lang.reflect.Method.invoke(Unknown Source)
	at org.testng.internal.MethodInvocationHelper.invokeMethod(MethodInvocationHelper.java:108)
	at org.testng.internal.Invoker.invokeMethod(Invoker.java:661)
	at org.testng.internal.Invoker.invokeTestMethod(Invoker.java:869)
	at org.testng.internal.Invoker.invokeTestMethods(Invoker.java:1193)
	at org.testng.internal.TestMethodWorker.invokeTestMethods(TestMethodWorker.java:126)
	at org.testng.internal.TestMethodWorker.run(TestMethodWorker.java:109)
	at org.testng.TestRunner.privateRun(TestRunner.java:744)
	at org.testng.TestRunner.run(TestRunner.java:602)
	at org.testng.SuiteRunner.runTest(SuiteRunner.java:380)
	at org.testng.SuiteRunner.runSequentially(SuiteRunner.java:375)
	at org.testng.SuiteRunner.privateRun(SuiteRunner.java:340)
	at org.testng.SuiteRunner.run(SuiteRunner.java:289)
	at org.testng.SuiteRunnerWorker.runSuite(SuiteRunnerWorker.java:52)
	at org.testng.SuiteRunnerWorker.run(SuiteRunnerWorker.java:86)
	at org.testng.TestNG.runSuitesSequentially(TestNG.java:1301)
	at org.testng.TestNG.runSuitesLocally(TestNG.java:1226)
	at org.testng.TestNG.runSuites(TestNG.java:1144)
	at org.testng.TestNG.run(TestNG.java:1115)
	at org.testng.remote.AbstractRemoteTestNG.run(AbstractRemoteTestNG.java:114)
	at org.testng.remote.RemoteTestNG.initAndRun(RemoteTestNG.java:251)
	at org.testng.remote.RemoteTestNG.main(RemoteTestNG.java:77)
]]>
            </full-stacktrace>
          </exception> <!-- org.openqa.selenium.NoSuchElementException -->
          <reporter-output>
          </reporter-output>
        </test-method> <!-- validateCWMarketingMeterialAndEmailAFSpecificInfo -->
        <test-method status="PASS" signature="beforeMethod(java.lang.reflect.Method)[pri:0, instance:MobileTesting.com.AFAdvantage.TC013_ValidateCWMarketingMeterialScreenAndEmailDocuments@13ad2d6]" name="beforeMethod" is-config="true" duration-ms="0" started-at="2017-12-06T15:31:40Z" finished-at="2017-12-06T15:31:40Z">
          <params>
            <param index="0">
              <value>
                <![CDATA[public void MobileTesting.com.AFAdvantage.TC013_ValidateCWMarketingMeterialScreenAndEmailDocuments.validateCWMarketingMeterialAndEmailAFSpecificInfo(java.lang.String,java.lang.String,java.lang.String,java.lang.String) throws java.lang.InterruptedException]]>
              </value>
            </param>
          </params>
          <reporter-output>
          </reporter-output>
        </test-method> <!-- beforeMethod -->
        <test-method status="PASS" signature="afterTestMethod(org.testng.ITestResult)[pri:0, instance:MobileTesting.com.AFAdvantage.TC013_ValidateCWMarketingMeterialScreenAndEmailDocuments@13ad2d6]" name="afterTestMethod" is-config="true" duration-ms="2219" started-at="2017-12-06T15:32:11Z" finished-at="2017-12-06T15:32:13Z">
          <params>
            <param index="0">
              <value>
                <![CDATA[[TestResult name=validateCWMarketingMeterialAndEmailAFSpecificInfo status=FAILURE method=TC013_ValidateCWMarketingMeterialScreenAndEmailDocuments.validateCWMarketingMeterialAndEmailAFSpecificInfo(java.lang.String, java.lang.String, java.lang.String, java.lang.String)[pri:0, instance:MobileTesting.com.AFAdvantage.TC013_ValidateCWMarketingMeterialScreenAndEmailDocuments@13ad2d6] output={null}]]]>
              </value>
            </param>
          </params>
          <reporter-output>
            <line>
              <![CDATA[<a href = 'C:\Users\ThusharA\eclipse-workspace\com.AFAdvantage\src\main\java\MobileTesting\com\AFAdvantage\screenshot\blank_12_06_2017_03_32_11.png'> <img src = 'C:\Users\ThusharA\eclipse-workspace\com.AFAdvantage\src\main\java\MobileTesting\com\AFAdvantage\screenshot\blank_12_06_2017_03_32_11.png'height = '100' width = '100'/> </a>]]>
            </line>
          </reporter-output>
        </test-method> <!-- afterTestMethod -->
        <test-method status="PASS" signature="closeApp()[pri:0, instance:MobileTesting.com.AFAdvantage.TC013_ValidateCWMarketingMeterialScreenAndEmailDocuments@13ad2d6]" name="closeApp" is-config="true" duration-ms="3110" started-at="2017-12-06T15:32:13Z" finished-at="2017-12-06T15:32:16Z">
          <reporter-output>
          </reporter-output>
        </test-method> <!-- closeApp -->
        <test-method status="PASS" signature="closeReporting()[pri:0, instance:MobileTesting.com.AFAdvantage.TC013_ValidateCWMarketingMeterialScreenAndEmailDocuments@13ad2d6]" name="closeReporting" is-config="true" duration-ms="37" started-at="2017-12-06T15:32:16Z" finished-at="2017-12-06T15:32:16Z">
          <reporter-output>
          </reporter-output>
        </test-method> <!-- closeReporting -->
      </class> <!-- MobileTesting.com.AFAdvantage.TC013_ValidateCWMarketingMeterialScreenAndEmailDocuments -->
    </test> <!-- Default test -->
  </suite> <!-- Default suite -->
</testng-results>
